#
# There is insufficient memory for the Java Runtime Environment to continue.
# Native memory allocation (malloc) failed to allocate 403536 bytes for Chunk::new
# Possible reasons:
#   The system is out of physical RAM or swap space
#   The process is running with CompressedOops enabled, and the Java Heap may be blocking the growth of the native heap
# Possible solutions:
#   Reduce memory load on the system
#   Increase physical memory or swap space
#   Check if swap backing store is full
#   Decrease Java heap size (-Xmx/-Xms)
#   Decrease number of Java threads
#   Decrease Java thread stack sizes (-Xss)
#   Set larger code cache with -XX:ReservedCodeCacheSize=
#   JVM is running with Unscaled Compressed Oops mode in which the Java heap is
#     placed in the first 4GB address space. The Java Heap base address is the
#     maximum limit for the native heap growth. Please use -XX:HeapBaseMinAddress
#     to set the Java Heap base and to place the Java Heap above 4GB virtual address.
# This output file may be truncated or incomplete.
#
#  Out of Memory Error (allocation.cpp:389), pid=6232, tid=0x0000000000001b44
#
# JRE version: OpenJDK Runtime Environment (8.0_242-b01) (build 1.8.0_242-release-1644-b01)
# Java VM: OpenJDK 64-Bit Server VM (25.242-b01 mixed mode windows-amd64 compressed oops)
# Failed to write core dump. Minidumps are not enabled by default on client versions of Windows
#

---------------  T H R E A D  ---------------

Current thread (0x0000000017bcb000):  JavaThread "C2 CompilerThread1" daemon [_thread_in_native, id=6980, stack(0x000000001a390000,0x000000001a490000)]

Stack: [0x000000001a390000,0x000000001a490000]
[error occurred during error reporting (printing stack bounds), id 0xc0000005]

Native frames: (J=compiled Java code, j=interpreted, Vv=VM code, C=native code)


Current CompileTask:
C2:  44165 13943       4       org.gradle.internal.service.DefaultServiceRegistry$OwnServices$ProviderAnalyser::analyseType (114 bytes)


---------------  P R O C E S S  ---------------

Java Threads: ( => current thread )
  0x0000000022292000 JavaThread "Cache worker for Build Output Cleanup Cache (D:\4210.AndroidProject\MyBookGit\NMUDDD-SE114.L21\.gradle\buildOutputCleanup)" [_thread_blocked, id=24060, stack(0x000000002dd10000,0x000000002de10000)]
  0x0000000022293800 JavaThread "Build operations Thread 8" [_thread_blocked, id=21456, stack(0x000000002dc10000,0x000000002dd10000)]
  0x0000000022290000 JavaThread "Build operations Thread 7" [_thread_blocked, id=528, stack(0x000000002db10000,0x000000002dc10000)]
  0x000000002228c000 JavaThread "Build operations Thread 6" [_thread_blocked, id=13212, stack(0x000000002d610000,0x000000002d710000)]
  0x0000000022293000 JavaThread "Build operations Thread 5" [_thread_blocked, id=26716, stack(0x000000002c210000,0x000000002c310000)]
  0x000000002228e800 JavaThread "Build operations Thread 4" [_thread_blocked, id=25392, stack(0x0000000024b10000,0x0000000024c10000)]
  0x000000002228d800 JavaThread "Build operations Thread 3" [_thread_blocked, id=3320, stack(0x0000000024a10000,0x0000000024b10000)]
  0x0000000022291800 JavaThread "Build operations Thread 2" [_thread_blocked, id=21664, stack(0x0000000024910000,0x0000000024a10000)]
  0x000000002228f000 JavaThread "Build operations" [_thread_blocked, id=2872, stack(0x0000000024810000,0x0000000024910000)]
  0x000000002228b800 JavaThread "Cache worker for cache directory md-rule (C:\Users\Lam Hong\.gradle\caches\6.5\md-rule)" [_thread_blocked, id=9780, stack(0x0000000024710000,0x0000000024810000)]
  0x0000000022284000 JavaThread "Cache worker for cache directory md-supplier (C:\Users\Lam Hong\.gradle\caches\6.5\md-supplier)" [_thread_blocked, id=22972, stack(0x0000000024610000,0x0000000024710000)]
  0x000000002228a800 JavaThread "Cache worker for checksums cache (D:\4210.AndroidProject\MyBookGit\NMUDDD-SE114.L21\.gradle\checksums)" [_thread_blocked, id=9152, stack(0x0000000024510000,0x0000000024610000)]
  0x0000000022283000 JavaThread "Cache worker for file hash cache (D:\4210.AndroidProject\MyBookGit\NMUDDD-SE114.L21\.gradle\6.5\fileHashes)" [_thread_blocked, id=12544, stack(0x0000000024410000,0x0000000024510000)]
  0x000000002228a000 JavaThread "Thread-167" [_thread_blocked, id=15212, stack(0x0000000021110000,0x0000000021210000)]
  0x0000000022289000 JavaThread "Stdin handler" [_thread_blocked, id=12716, stack(0x0000000020d50000,0x0000000020e50000)]
  0x0000000022282800 JavaThread "Asynchronous log dispatcher for DefaultDaemonConnection: socket connection from /127.0.0.1:59167 to /127.0.0.1:59213" [_thread_blocked, id=2996, stack(0x000000001e3b0000,0x000000001e4b0000)]
  0x0000000022287800 JavaThread "Cancel handler" [_thread_blocked, id=18288, stack(0x000000001e2b0000,0x000000001e3b0000)]
  0x0000000022286000 JavaThread "Handler for socket connection from /127.0.0.1:59167 to /127.0.0.1:59213" [_thread_in_native, id=22804, stack(0x000000001e1b0000,0x000000001e2b0000)]
  0x0000000022285800 JavaThread "ForkJoinPool.commonPool-worker-5" daemon [_thread_blocked, id=20880, stack(0x00000000307c0000,0x00000000308c0000)]
  0x000000001b806000 JavaThread "ForkJoinPool.commonPool-worker-4" daemon [_thread_blocked, id=23556, stack(0x00000000306c0000,0x00000000307c0000)]
  0x000000001b805000 JavaThread "ForkJoinPool.commonPool-worker-3" daemon [_thread_blocked, id=20576, stack(0x00000000305c0000,0x00000000306c0000)]
  0x000000001cb21000 JavaThread "Cache worker for Java compile cache (C:\Users\Lam Hong\.gradle\caches\6.5\javaCompile)" [_thread_blocked, id=25528, stack(0x000000002fbc0000,0x000000002fcc0000)]
  0x000000001cb17800 JavaThread "Memory manager" [_thread_blocked, id=23508, stack(0x000000002d510000,0x000000002d610000)]
  0x000000001cb1a000 JavaThread "jar transforms Thread 115" [_thread_blocked, id=9592, stack(0x000000002bf10000,0x000000002c010000)]
  0x000000001cb15800 JavaThread "jar transforms Thread 114" [_thread_blocked, id=23132, stack(0x000000002be10000,0x000000002bf10000)]
  0x000000001ce74000 JavaThread "jar transforms Thread 113" [_thread_blocked, id=11732, stack(0x000000002bd10000,0x000000002be10000)]
  0x000000001ce73000 JavaThread "jar transforms Thread 112" [_thread_blocked, id=7900, stack(0x000000002bc10000,0x000000002bd10000)]
  0x000000001ce72800 JavaThread "jar transforms Thread 111" [_thread_blocked, id=1972, stack(0x000000002bb10000,0x000000002bc10000)]
  0x000000001ce71000 JavaThread "jar transforms Thread 110" [_thread_blocked, id=24068, stack(0x000000002ba10000,0x000000002bb10000)]
  0x000000001ce76000 JavaThread "jar transforms Thread 109" [_thread_blocked, id=17600, stack(0x000000002b910000,0x000000002ba10000)]
  0x000000001ce75800 JavaThread "jar transforms Thread 108" [_thread_blocked, id=11788, stack(0x000000002b810000,0x000000002b910000)]
  0x000000001ce74800 JavaThread "jar transforms Thread 107" [_thread_blocked, id=22048, stack(0x000000002b710000,0x000000002b810000)]
  0x000000001ce70000 JavaThread "jar transforms Thread 106" [_thread_blocked, id=23668, stack(0x000000002b610000,0x000000002b710000)]
  0x000000001ce71800 JavaThread "jar transforms Thread 105" [_thread_blocked, id=5444, stack(0x000000002b510000,0x000000002b610000)]
  0x000000001ce6f800 JavaThread "jar transforms Thread 104" [_thread_blocked, id=9672, stack(0x000000002b310000,0x000000002b410000)]
  0x000000001ce67800 JavaThread "jar transforms Thread 103" [_thread_blocked, id=16380, stack(0x000000002b210000,0x000000002b310000)]
  0x000000001ce6e000 JavaThread "jar transforms Thread 102" [_thread_blocked, id=9748, stack(0x000000002b110000,0x000000002b210000)]
  0x000000001ce6e800 JavaThread "jar transforms Thread 101" [_thread_blocked, id=23616, stack(0x000000002b010000,0x000000002b110000)]
  0x000000001ce6b000 JavaThread "jar transforms Thread 100" [_thread_blocked, id=3132, stack(0x000000002af10000,0x000000002b010000)]
  0x000000001ce6b800 JavaThread "jar transforms Thread 99" [_thread_blocked, id=2548, stack(0x000000002ae10000,0x000000002af10000)]
  0x000000001ce6a000 JavaThread "jar transforms Thread 98" [_thread_blocked, id=21532, stack(0x000000002ad10000,0x000000002ae10000)]
  0x000000001ce69800 JavaThread "jar transforms Thread 97" [_thread_blocked, id=10636, stack(0x000000002ac10000,0x000000002ad10000)]
  0x000000001ce6d000 JavaThread "jar transforms Thread 96" [_thread_blocked, id=19856, stack(0x000000002ab10000,0x000000002ac10000)]
  0x000000001ce6c800 JavaThread "jar transforms Thread 95" [_thread_blocked, id=24592, stack(0x000000002aa10000,0x000000002ab10000)]
  0x000000001ce67000 JavaThread "jar transforms Thread 94" [_thread_blocked, id=6844, stack(0x000000002a910000,0x000000002aa10000)]
  0x000000001ce68800 JavaThread "jar transforms Thread 93" [_thread_blocked, id=1820, stack(0x000000002a810000,0x000000002a910000)]
  0x000000001f012000 JavaThread "jar transforms Thread 92" [_thread_blocked, id=5852, stack(0x000000002a710000,0x000000002a810000)]
  0x000000001f00e000 JavaThread "jar transforms Thread 91" [_thread_blocked, id=7024, stack(0x000000002a610000,0x000000002a710000)]
  0x000000001f013800 JavaThread "jar transforms Thread 90" [_thread_blocked, id=19144, stack(0x000000002a510000,0x000000002a610000)]
  0x000000001f010800 JavaThread "jar transforms Thread 89" [_thread_blocked, id=8436, stack(0x000000002a410000,0x000000002a510000)]
  0x000000001f011000 JavaThread "jar transforms Thread 88" [_thread_blocked, id=6740, stack(0x000000002a310000,0x000000002a410000)]
  0x000000001f012800 JavaThread "jar transforms Thread 87" [_thread_blocked, id=16584, stack(0x000000002a210000,0x000000002a310000)]
  0x000000001f00f800 JavaThread "jar transforms Thread 86" [_thread_blocked, id=6908, stack(0x000000002a110000,0x000000002a210000)]
  0x000000001f00f000 JavaThread "jar transforms Thread 85" [_thread_blocked, id=17076, stack(0x000000002a010000,0x000000002a110000)]
  0x000000001f00d800 JavaThread "jar transforms Thread 84" [_thread_blocked, id=2096, stack(0x0000000029f10000,0x000000002a010000)]
  0x000000001f008000 JavaThread "jar transforms Thread 83" [_thread_blocked, id=11984, stack(0x0000000029e10000,0x0000000029f10000)]
  0x000000001f006000 JavaThread "jar transforms Thread 82" [_thread_blocked, id=4752, stack(0x0000000029d10000,0x0000000029e10000)]
  0x000000001f007800 JavaThread "jar transforms Thread 81" [_thread_blocked, id=11596, stack(0x0000000029c10000,0x0000000029d10000)]
  0x000000001f00c800 JavaThread "jar transforms Thread 80" [_thread_blocked, id=13300, stack(0x0000000029b10000,0x0000000029c10000)]
  0x000000001f00c000 JavaThread "jar transforms Thread 79" [_thread_blocked, id=4976, stack(0x0000000029a10000,0x0000000029b10000)]
  0x000000001f00b000 JavaThread "jar transforms Thread 78" [_thread_blocked, id=7512, stack(0x0000000029910000,0x0000000029a10000)]
  0x000000001f00a800 JavaThread "jar transforms Thread 77" [_thread_blocked, id=9884, stack(0x0000000029810000,0x0000000029910000)]
  0x000000001f009800 JavaThread "jar transforms Thread 76" [_thread_blocked, id=15568, stack(0x0000000029710000,0x0000000029810000)]
  0x000000001f005000 JavaThread "jar transforms Thread 75" [_thread_blocked, id=10584, stack(0x0000000029610000,0x0000000029710000)]
  0x000000001f004800 JavaThread "jar transforms Thread 74" [_thread_blocked, id=5888, stack(0x0000000029510000,0x0000000029610000)]
  0x000000001f009000 JavaThread "jar transforms Thread 73" [_thread_blocked, id=8112, stack(0x0000000029410000,0x0000000029510000)]
  0x000000001f006800 JavaThread "jar transforms Thread 72" [_thread_blocked, id=26044, stack(0x0000000029310000,0x0000000029410000)]
  0x000000001c950000 JavaThread "jar transforms Thread 71" [_thread_blocked, id=20308, stack(0x0000000029210000,0x0000000029310000)]
  0x000000001c94e800 JavaThread "jar transforms Thread 70" [_thread_blocked, id=25836, stack(0x0000000029110000,0x0000000029210000)]
  0x000000001c94f800 JavaThread "jar transforms Thread 69" [_thread_blocked, id=15208, stack(0x0000000029010000,0x0000000029110000)]
  0x000000001c94e000 JavaThread "jar transforms Thread 68" [_thread_blocked, id=12816, stack(0x0000000028f10000,0x0000000029010000)]
  0x000000001c951000 JavaThread "jar transforms Thread 67" [_thread_blocked, id=9380, stack(0x0000000028e10000,0x0000000028f10000)]
  0x000000001c94d000 JavaThread "jar transforms Thread 66" [_thread_blocked, id=2192, stack(0x0000000028d10000,0x0000000028e10000)]
  0x000000001c946800 JavaThread "jar transforms Thread 65" [_thread_blocked, id=20060, stack(0x0000000028c10000,0x0000000028d10000)]
  0x000000001c945800 JavaThread "jar transforms Thread 64" [_thread_blocked, id=9980, stack(0x0000000028b10000,0x0000000028c10000)]
  0x000000001c94b800 JavaThread "jar transforms Thread 63" [_thread_blocked, id=21024, stack(0x0000000028a10000,0x0000000028b10000)]
  0x000000001c94b000 JavaThread "jar transforms Thread 62" [_thread_blocked, id=23688, stack(0x0000000028910000,0x0000000028a10000)]
  0x000000001c947000 JavaThread "jar transforms Thread 61" [_thread_blocked, id=21324, stack(0x0000000028810000,0x0000000028910000)]
  0x000000001c94c800 JavaThread "jar transforms Thread 60" [_thread_blocked, id=11108, stack(0x0000000028710000,0x0000000028810000)]
  0x000000001c945000 JavaThread "jar transforms Thread 59" [_thread_blocked, id=4796, stack(0x0000000028610000,0x0000000028710000)]
  0x000000001c949800 JavaThread "jar transforms Thread 58" [_thread_blocked, id=25404, stack(0x0000000028510000,0x0000000028610000)]
  0x000000001c948800 JavaThread "jar transforms Thread 57" [_thread_blocked, id=15440, stack(0x0000000028410000,0x0000000028510000)]
  0x000000001c943800 JavaThread "jar transforms Thread 56" [_thread_blocked, id=25224, stack(0x0000000028310000,0x0000000028410000)]
  0x000000001c944000 JavaThread "jar transforms Thread 55" [_thread_blocked, id=21700, stack(0x0000000028210000,0x0000000028310000)]
  0x000000001c94a000 JavaThread "jar transforms Thread 54" [_thread_blocked, id=25452, stack(0x0000000028110000,0x0000000028210000)]
  0x000000001c948000 JavaThread "jar transforms Thread 53" [_thread_blocked, id=3104, stack(0x0000000028010000,0x0000000028110000)]
  0x000000001c942000 JavaThread "jar transforms Thread 52" [_thread_blocked, id=524, stack(0x0000000027f10000,0x0000000028010000)]
  0x000000001c942800 JavaThread "jar transforms Thread 51" [_thread_blocked, id=13936, stack(0x0000000027e10000,0x0000000027f10000)]
  0x000000001cc47000 JavaThread "jar transforms Thread 50" [_thread_blocked, id=7640, stack(0x0000000027d10000,0x0000000027e10000)]
  0x000000001cc48000 JavaThread "jar transforms Thread 49" [_thread_blocked, id=21372, stack(0x0000000027c10000,0x0000000027d10000)]
  0x000000001cc46800 JavaThread "jar transforms Thread 48" [_thread_blocked, id=21836, stack(0x0000000027b10000,0x0000000027c10000)]
  0x000000001cc45800 JavaThread "jar transforms Thread 47" [_thread_blocked, id=18600, stack(0x0000000027a10000,0x0000000027b10000)]
  0x000000001cc45000 JavaThread "jar transforms Thread 46" [_thread_blocked, id=3624, stack(0x0000000027910000,0x0000000027a10000)]
  0x000000001cc44000 JavaThread "jar transforms Thread 45" [_thread_blocked, id=5964, stack(0x0000000027810000,0x0000000027910000)]
  0x000000001cc4b000 JavaThread "jar transforms Thread 44" [_thread_blocked, id=3100, stack(0x0000000027710000,0x0000000027810000)]
  0x000000001cc4a000 JavaThread "jar transforms Thread 43" [_thread_blocked, id=27632, stack(0x0000000027610000,0x0000000027710000)]
  0x000000001cc48800 JavaThread "jar transforms Thread 42" [_thread_blocked, id=18872, stack(0x0000000027510000,0x0000000027610000)]
  0x000000001cc49800 JavaThread "jar transforms Thread 41" [_thread_blocked, id=25700, stack(0x0000000027410000,0x0000000027510000)]
  0x000000001cc43800 JavaThread "jar transforms Thread 40" [_thread_blocked, id=856, stack(0x0000000027310000,0x0000000027410000)]
  0x000000001cc3c000 JavaThread "jar transforms Thread 39" [_thread_blocked, id=22624, stack(0x0000000027210000,0x0000000027310000)]
  0x000000001cc42800 JavaThread "jar transforms Thread 38" [_thread_blocked, id=21496, stack(0x0000000027110000,0x0000000027210000)]
  0x000000001cc41000 JavaThread "jar transforms Thread 37" [_thread_blocked, id=18088, stack(0x0000000027010000,0x0000000027110000)]
  0x000000001cc3f800 JavaThread "jar transforms Thread 36" [_thread_blocked, id=27012, stack(0x0000000026f10000,0x0000000027010000)]
  0x000000001cc3e000 JavaThread "jar transforms Thread 35" [_thread_blocked, id=9732, stack(0x0000000026e10000,0x0000000026f10000)]
  0x000000001cc40800 JavaThread "jar transforms Thread 34" [_thread_blocked, id=6448, stack(0x0000000026d10000,0x0000000026e10000)]
  0x000000001cc3d800 JavaThread "jar transforms Thread 33" [_thread_blocked, id=21160, stack(0x0000000026c10000,0x0000000026d10000)]
  0x000000001cc3c800 JavaThread "jar transforms Thread 32" [_thread_blocked, id=26180, stack(0x0000000026b10000,0x0000000026c10000)]
  0x000000001cc42000 JavaThread "jar transforms Thread 31" [_thread_blocked, id=6612, stack(0x0000000026a10000,0x0000000026b10000)]
  0x000000001cc3f000 JavaThread "jar transforms Thread 30" [_thread_blocked, id=12624, stack(0x0000000026910000,0x0000000026a10000)]
  0x000000002040e800 JavaThread "jar transforms Thread 29" [_thread_blocked, id=15280, stack(0x0000000026810000,0x0000000026910000)]
  0x000000002040f800 JavaThread "jar transforms Thread 28" [_thread_blocked, id=1988, stack(0x0000000026710000,0x0000000026810000)]
  0x0000000020408000 JavaThread "jar transforms Thread 27" [_thread_blocked, id=22064, stack(0x0000000026610000,0x0000000026710000)]
  0x000000002040e000 JavaThread "jar transforms Thread 26" [_thread_blocked, id=9900, stack(0x0000000026510000,0x0000000026610000)]
  0x000000002040d000 JavaThread "jar transforms Thread 25" [_thread_blocked, id=13336, stack(0x0000000026410000,0x0000000026510000)]
  0x000000002040b800 JavaThread "jar transforms Thread 24" [_thread_blocked, id=13752, stack(0x0000000026310000,0x0000000026410000)]
  0x000000002040a000 JavaThread "jar transforms Thread 23" [_thread_blocked, id=26788, stack(0x0000000026210000,0x0000000026310000)]
  0x0000000020408800 JavaThread "jar transforms Thread 22" [_thread_blocked, id=24952, stack(0x0000000026110000,0x0000000026210000)]
  0x0000000020409800 JavaThread "jar transforms Thread 21" [_thread_blocked, id=18796, stack(0x0000000026010000,0x0000000026110000)]
  0x000000002040b000 JavaThread "jar transforms Thread 20" [_thread_blocked, id=12044, stack(0x0000000025f10000,0x0000000026010000)]
  0x000000002040c800 JavaThread "jar transforms Thread 19" [_thread_blocked, id=17700, stack(0x0000000025e10000,0x0000000025f10000)]
  0x0000000020400800 JavaThread "jar transforms Thread 18" [_thread_blocked, id=19052, stack(0x0000000025d10000,0x0000000025e10000)]
  0x0000000020407000 JavaThread "jar transforms Thread 17" [_thread_blocked, id=26108, stack(0x0000000025c10000,0x0000000025d10000)]
  0x0000000020402000 JavaThread "jar transforms Thread 16" [_thread_blocked, id=24556, stack(0x0000000025b10000,0x0000000025c10000)]
  0x0000000020405000 JavaThread "jar transforms Thread 15" [_thread_blocked, id=7028, stack(0x0000000025a10000,0x0000000025b10000)]
  0x0000000020405800 JavaThread "jar transforms Thread 14" [_thread_blocked, id=6932, stack(0x0000000025910000,0x0000000025a10000)]
  0x0000000020402800 JavaThread "jar transforms Thread 13" [_thread_blocked, id=15992, stack(0x0000000025810000,0x0000000025910000)]
  0x0000000020404000 JavaThread "jar transforms Thread 12" [_thread_blocked, id=19948, stack(0x0000000025710000,0x0000000025810000)]
  0x0000000020403800 JavaThread "jar transforms Thread 11" [_thread_blocked, id=23248, stack(0x0000000025610000,0x0000000025710000)]
  0x0000000020401000 JavaThread "jar transforms Thread 10" [_thread_blocked, id=22968, stack(0x0000000025510000,0x0000000025610000)]
  0x0000000020406800 JavaThread "jar transforms Thread 9" [_thread_blocked, id=24860, stack(0x0000000025410000,0x0000000025510000)]
  0x000000001a982000 JavaThread "jar transforms Thread 8" [_thread_blocked, id=8556, stack(0x0000000025310000,0x0000000025410000)]
  0x000000001a97e800 JavaThread "jar transforms Thread 7" [_thread_blocked, id=14484, stack(0x0000000025210000,0x0000000025310000)]
  0x000000001a980000 JavaThread "jar transforms Thread 6" [_thread_blocked, id=22392, stack(0x0000000025110000,0x0000000025210000)]
  0x000000001a97d800 JavaThread "jar transforms Thread 5" [_thread_blocked, id=7500, stack(0x0000000025010000,0x0000000025110000)]
  0x000000001a97f000 JavaThread "jar transforms Thread 4" [_thread_blocked, id=15604, stack(0x0000000024f10000,0x0000000025010000)]
  0x000000001a97d000 JavaThread "jar transforms Thread 3" [_thread_blocked, id=24004, stack(0x0000000024e10000,0x0000000024f10000)]
  0x000000001a97c000 JavaThread "jar transforms Thread 2" [_thread_blocked, id=10404, stack(0x0000000024d10000,0x0000000024e10000)]
  0x00000000199dd000 JavaThread "Cache worker for file content cache (C:\Users\Lam Hong\.gradle\caches\6.5\fileContent)" [_thread_blocked, id=6292, stack(0x0000000023d10000,0x0000000023e10000)]
  0x00000000199dc000 JavaThread "jar transforms" [_thread_blocked, id=25792, stack(0x0000000023c10000,0x0000000023d10000)]
  0x00000000199db800 JavaThread "Cache worker for execution history cache (C:\Users\Lam Hong\.gradle\caches\6.5\executionHistory)" [_thread_blocked, id=20460, stack(0x00000000224c0000,0x00000000225c0000)]
  0x00000000199d8800 JavaThread "Cache worker for file hash cache (C:\Users\Lam Hong\.gradle\caches\6.5\fileHashes)" [_thread_blocked, id=22584, stack(0x000000001e8b0000,0x000000001e9b0000)]
  0x00000000199d9000 JavaThread "File lock request listener" [_thread_in_native, id=16420, stack(0x000000001e7b0000,0x000000001e8b0000)]
  0x000000001c6f4800 JavaThread "Cache worker for journal cache (C:\Users\Lam Hong\.gradle\caches\journal-1)" [_thread_blocked, id=3612, stack(0x000000001e6b0000,0x000000001e7b0000)]
  0x000000001c39f800 JavaThread "Daemon worker" [_thread_blocked, id=19912, stack(0x000000001e0b0000,0x000000001e1b0000)]
  0x000000001b415000 JavaThread "Daemon" [_thread_blocked, id=10844, stack(0x000000001ddb0000,0x000000001deb0000)]
  0x000000001b412000 JavaThread "Daemon periodic checks" [_thread_blocked, id=20964, stack(0x000000001dab0000,0x000000001dbb0000)]
  0x000000001b9be000 JavaThread "Incoming local TCP Connector on port 59167" [_thread_in_native, id=7428, stack(0x000000001d870000,0x000000001d970000)]
  0x000000001c3c3800 JavaThread "Daemon health stats" [_thread_blocked, id=9904, stack(0x000000001d230000,0x000000001d330000)]
  0x0000000019a69000 JavaThread "Service Thread" daemon [_thread_blocked, id=25128, stack(0x000000001a690000,0x000000001a790000)]
  0x00000000199dd800 JavaThread "C1 CompilerThread3" daemon [_thread_blocked, id=12160, stack(0x000000001a590000,0x000000001a690000)]
  0x00000000199cf800 JavaThread "C2 CompilerThread2" daemon [_thread_in_native, id=9740, stack(0x000000001a490000,0x000000001a590000)]
=>0x0000000017bcb000 JavaThread "C2 CompilerThread1" daemon [_thread_in_native, id=6980, stack(0x000000001a390000,0x000000001a490000)]
  0x00000000199c4800 JavaThread "C2 CompilerThread0" daemon [_thread_in_native, id=13240, stack(0x000000001a290000,0x000000001a390000)]
  0x00000000199c3000 JavaThread "Attach Listener" daemon [_thread_blocked, id=8336, stack(0x000000001a190000,0x000000001a290000)]
  0x00000000199c2000 JavaThread "Signal Dispatcher" daemon [_thread_blocked, id=13192, stack(0x000000001a090000,0x000000001a190000)]
  0x00000000199b1800 JavaThread "Finalizer" daemon [_thread_blocked, id=13000, stack(0x0000000019e90000,0x0000000019f90000)]
  0x00000000199b0800 JavaThread "Reference Handler" daemon [_thread_blocked, id=20540, stack(0x0000000019d90000,0x0000000019e90000)]
  0x0000000002a4e000 JavaThread "main" [_thread_blocked, id=5876, stack(0x0000000002930000,0x0000000002a30000)]

Other Threads:
  0x0000000017bb8000 VMThread [stack: 0x0000000019890000,0x0000000019990000] [id=12564]
  0x0000000019a69800 WatcherThread [stack: 0x000000001a790000,0x000000001a890000] [id=18608]

VM state:not at safepoint (normal execution)

VM Mutex/Monitor currently owned by a thread: None

heap address: 0x0000000080000000, size: 2048 MB, Compressed Oops mode: 32-bit
Narrow klass base: 0x0000000000000000, Narrow klass shift: 3
Compressed class space size: 1073741824 Address: 0x0000000100000000

Heap:
 PSYoungGen      total 471552K, used 132148K [0x00000000d5580000, 0x00000000f5680000, 0x0000000100000000)
  eden space 421376K, 31% used [0x00000000d5580000,0x00000000dd68d2c8,0x00000000ef100000)
  from space 50176K, 0% used [0x00000000f2000000,0x00000000f2000000,0x00000000f5100000)
  to   space 48128K, 0% used [0x00000000ef100000,0x00000000ef100000,0x00000000f2000000)
 ParOldGen       total 347648K, used 73887K [0x0000000080000000, 0x0000000095380000, 0x00000000d5580000)
  object space 347648K, 21% used [0x0000000080000000,0x0000000084827f50,0x0000000095380000)
 Metaspace       used 92921K, capacity 97270K, committed 100632K, reserved 1136640K
  class space    used 12414K, capacity 13242K, committed 14112K, reserved 1048576K

Card table byte_map: [0x0000000011f10000,0x0000000012320000] byte_map_base: 0x0000000011b10000

Marking Bits: (ParMarkBitMap*) 0x00000000532df030
 Begin Bits: [0x0000000012dd0000, 0x0000000014dd0000)
 End Bits:   [0x0000000014dd0000, 0x0000000016dd0000)

Polling page: 0x0000000001210000

CodeCache: size=245760Kb used=36602Kb max_used=37204Kb free=209157Kb
 bounds [0x0000000002b50000, 0x0000000004ff0000, 0x0000000011b50000]
 total_blobs=12323 nmethods=11455 adapters=779
 compilation: enabled

Compilation events (10 events):
Event: 44.164 Thread 0x00000000199dd800 14000       3       org.gradle.api.internal.file.collections.DefaultConfigurableFileCollection::from (27 bytes)
Event: 44.164 Thread 0x00000000199dd800 nmethod 14000 0x0000000004a21e10 code [0x0000000004a21f80, 0x0000000004a22258]
Event: 44.164 Thread 0x00000000199dd800 14001       1       kotlin.text.MatchGroup::getValue (5 bytes)
Event: 44.164 Thread 0x00000000199dd800 nmethod 14001 0x0000000004df3110 code [0x0000000004df3260, 0x0000000004df3370]
Event: 44.164 Thread 0x00000000199dd800 13999       1       org.gradle.internal.extensibility.DefaultConvention::access$100 (5 bytes)
Event: 44.164 Thread 0x00000000199dd800 nmethod 13999 0x000000000497d2d0 code [0x000000000497d420, 0x000000000497d510]
Event: 44.164 Thread 0x00000000199dd800 14004       1       org.gradle.api.internal.project.DefaultProject::getAsDynamicObject (5 bytes)
Event: 44.164 Thread 0x00000000199dd800 nmethod 14004 0x0000000004a21b50 code [0x0000000004a21ca0, 0x0000000004a21db0]
Event: 44.164 Thread 0x00000000199dd800 14005       1       org.gradle.api.attributes.Usage$Impl::toString (5 bytes)
Event: 44.164 Thread 0x00000000199dd800 nmethod 14005 0x0000000004cd14d0 code [0x0000000004cd1620, 0x0000000004cd1730]

GC Heap History (10 events):
Event: 10.439 GC heap before
{Heap before GC invocations=12 (full 3):
 PSYoungGen      total 330240K, used 312832K [0x00000000d5580000, 0x00000000eb680000, 0x0000000100000000)
  eden space 312832K, 100% used [0x00000000d5580000,0x00000000e8700000,0x00000000e8700000)
  from space 17408K, 0% used [0x00000000e9e00000,0x00000000e9e00000,0x00000000eaf00000)
  to   space 23552K, 0% used [0x00000000e8700000,0x00000000e8700000,0x00000000e9e00000)
 ParOldGen       total 227328K, used 38837K [0x0000000080000000, 0x000000008de00000, 0x00000000d5580000)
  object space 227328K, 17% used [0x0000000080000000,0x00000000825ed758,0x000000008de00000)
 Metaspace       used 66897K, capacity 70210K, committed 70296K, reserved 1110016K
  class space    used 9184K, capacity 9837K, committed 9888K, reserved 1048576K
Event: 10.466 GC heap after
Heap after GC invocations=12 (full 3):
 PSYoungGen      total 336384K, used 23536K [0x00000000d5580000, 0x00000000ef400000, 0x0000000100000000)
  eden space 312832K, 0% used [0x00000000d5580000,0x00000000d5580000,0x00000000e8700000)
  from space 23552K, 99% used [0x00000000e8700000,0x00000000e9dfc0b8,0x00000000e9e00000)
  to   space 28160K, 0% used [0x00000000ed880000,0x00000000ed880000,0x00000000ef400000)
 ParOldGen       total 227328K, used 41508K [0x0000000080000000, 0x000000008de00000, 0x00000000d5580000)
  object space 227328K, 18% used [0x0000000080000000,0x00000000828891a0,0x000000008de00000)
 Metaspace       used 66897K, capacity 70210K, committed 70296K, reserved 1110016K
  class space    used 9184K, capacity 9837K, committed 9888K, reserved 1048576K
}
Event: 13.594 GC heap before
{Heap before GC invocations=13 (full 3):
 PSYoungGen      total 336384K, used 336368K [0x00000000d5580000, 0x00000000ef400000, 0x0000000100000000)
  eden space 312832K, 100% used [0x00000000d5580000,0x00000000e8700000,0x00000000e8700000)
  from space 23552K, 99% used [0x00000000e8700000,0x00000000e9dfc0b8,0x00000000e9e00000)
  to   space 28160K, 0% used [0x00000000ed880000,0x00000000ed880000,0x00000000ef400000)
 ParOldGen       total 227328K, used 41508K [0x0000000080000000, 0x000000008de00000, 0x00000000d5580000)
  object space 227328K, 18% used [0x0000000080000000,0x00000000828891a0,0x000000008de00000)
 Metaspace       used 77482K, capacity 81154K, committed 81432K, reserved 1120256K
  class space    used 10567K, capacity 11266K, committed 11296K, reserved 1048576K
Event: 13.645 GC heap after
Heap after GC invocations=13 (full 3):
 PSYoungGen      total 384512K, used 28141K [0x00000000d5580000, 0x00000000f0b80000, 0x0000000100000000)
  eden space 356352K, 0% used [0x00000000d5580000,0x00000000d5580000,0x00000000eb180000)
  from space 28160K, 99% used [0x00000000ed880000,0x00000000ef3fb548,0x00000000ef400000)
  to   space 39936K, 0% used [0x00000000eb180000,0x00000000eb180000,0x00000000ed880000)
 ParOldGen       total 227328K, used 62439K [0x0000000080000000, 0x000000008de00000, 0x00000000d5580000)
  object space 227328K, 27% used [0x0000000080000000,0x0000000083cf9c10,0x000000008de00000)
 Metaspace       used 77482K, capacity 81154K, committed 81432K, reserved 1120256K
  class space    used 10567K, capacity 11266K, committed 11296K, reserved 1048576K
}
Event: 16.492 GC heap before
{Heap before GC invocations=14 (full 3):
 PSYoungGen      total 384512K, used 384493K [0x00000000d5580000, 0x00000000f0b80000, 0x0000000100000000)
  eden space 356352K, 100% used [0x00000000d5580000,0x00000000eb180000,0x00000000eb180000)
  from space 28160K, 99% used [0x00000000ed880000,0x00000000ef3fb548,0x00000000ef400000)
  to   space 39936K, 0% used [0x00000000eb180000,0x00000000eb180000,0x00000000ed880000)
 ParOldGen       total 227328K, used 62439K [0x0000000080000000, 0x000000008de00000, 0x00000000d5580000)
  object space 227328K, 27% used [0x0000000080000000,0x0000000083cf9c10,0x000000008de00000)
 Metaspace       used 89485K, capacity 95440K, committed 95512K, reserved 1130496K
  class space    used 12412K, capacity 13533K, committed 13600K, reserved 1048576K
Event: 16.536 GC heap after
Heap after GC invocations=14 (full 3):
 PSYoungGen      total 396288K, used 39905K [0x00000000d5580000, 0x00000000f5100000, 0x0000000100000000)
  eden space 356352K, 0% used [0x00000000d5580000,0x00000000d5580000,0x00000000eb180000)
  from space 39936K, 99% used [0x00000000eb180000,0x00000000ed8787a0,0x00000000ed880000)
  to   space 50176K, 0% used [0x00000000f2000000,0x00000000f2000000,0x00000000f5100000)
 ParOldGen       total 227328K, used 73833K [0x0000000080000000, 0x000000008de00000, 0x00000000d5580000)
  object space 227328K, 32% used [0x0000000080000000,0x000000008481a518,0x000000008de00000)
 Metaspace       used 89485K, capacity 95440K, committed 95512K, reserved 1130496K
  class space    used 12412K, capacity 13533K, committed 13600K, reserved 1048576K
}
Event: 17.845 GC heap before
{Heap before GC invocations=15 (full 3):
 PSYoungGen      total 396288K, used 110336K [0x00000000d5580000, 0x00000000f5100000, 0x0000000100000000)
  eden space 356352K, 19% used [0x00000000d5580000,0x00000000d9a47960,0x00000000eb180000)
  from space 39936K, 99% used [0x00000000eb180000,0x00000000ed8787a0,0x00000000ed880000)
  to   space 50176K, 0% used [0x00000000f2000000,0x00000000f2000000,0x00000000f5100000)
 ParOldGen       total 227328K, used 73833K [0x0000000080000000, 0x000000008de00000, 0x00000000d5580000)
  object space 227328K, 32% used [0x0000000080000000,0x000000008481a518,0x000000008de00000)
 Metaspace       used 92226K, capacity 98404K, committed 98600K, reserved 1134592K
  class space    used 12712K, capacity 13865K, committed 13984K, reserved 1048576K
Event: 17.885 GC heap after
Heap after GC invocations=15 (full 3):
 PSYoungGen      total 471552K, used 14874K [0x00000000d5580000, 0x00000000f5680000, 0x0000000100000000)
  eden space 421376K, 0% used [0x00000000d5580000,0x00000000d5580000,0x00000000ef100000)
  from space 50176K, 29% used [0x00000000f2000000,0x00000000f2e86970,0x00000000f5100000)
  to   space 48128K, 0% used [0x00000000ef100000,0x00000000ef100000,0x00000000f2000000)
 ParOldGen       total 227328K, used 99145K [0x0000000080000000, 0x000000008de00000, 0x00000000d5580000)
  object space 227328K, 43% used [0x0000000080000000,0x00000000860d2510,0x000000008de00000)
 Metaspace       used 92226K, capacity 98404K, committed 98600K, reserved 1134592K
  class space    used 12712K, capacity 13865K, committed 13984K, reserved 1048576K
}
Event: 17.885 GC heap before
{Heap before GC invocations=16 (full 4):
 PSYoungGen      total 471552K, used 14874K [0x00000000d5580000, 0x00000000f5680000, 0x0000000100000000)
  eden space 421376K, 0% used [0x00000000d5580000,0x00000000d5580000,0x00000000ef100000)
  from space 50176K, 29% used [0x00000000f2000000,0x00000000f2e86970,0x00000000f5100000)
  to   space 48128K, 0% used [0x00000000ef100000,0x00000000ef100000,0x00000000f2000000)
 ParOldGen       total 227328K, used 99145K [0x0000000080000000, 0x000000008de00000, 0x00000000d5580000)
  object space 227328K, 43% used [0x0000000080000000,0x00000000860d2510,0x000000008de00000)
 Metaspace       used 92226K, capacity 98404K, committed 98600K, reserved 1134592K
  class space    used 12712K, capacity 13865K, committed 13984K, reserved 1048576K
Event: 18.143 GC heap after
Heap after GC invocations=16 (full 4):
 PSYoungGen      total 471552K, used 0K [0x00000000d5580000, 0x00000000f5680000, 0x0000000100000000)
  eden space 421376K, 0% used [0x00000000d5580000,0x00000000d5580000,0x00000000ef100000)
  from space 50176K, 0% used [0x00000000f2000000,0x00000000f2000000,0x00000000f5100000)
  to   space 48128K, 0% used [0x00000000ef100000,0x00000000ef100000,0x00000000f2000000)
 ParOldGen       total 347648K, used 73887K [0x0000000080000000, 0x0000000095380000, 0x00000000d5580000)
  object space 347648K, 21% used [0x0000000080000000,0x0000000084827f50,0x0000000095380000)
 Metaspace       used 91000K, capacity 95336K, committed 98600K, reserved 1134592K
  class space    used 12285K, capacity 13103K, committed 13984K, reserved 1048576K
}

Deoptimization events (10 events):
Event: 43.973 Thread 0x000000001c39f800 Uncommon trap: reason=unstable_if action=reinterpret pc=0x0000000004b7e0e8 method=com.google.common.collect.MapMakerInternalMap$Segment.getEntry(Ljava/lang/Object;I)Lcom/google/common/collect/MapMakerInternalMap$InternalEntry; @ 4
Event: 44.107 Thread 0x000000001c39f800 Uncommon trap: reason=bimorphic action=maybe_recompile pc=0x000000000466aed8 method=com.google.common.collect.ImmutableSet.copyOf(Ljava/util/Collection;)Lcom/google/common/collect/ImmutableSet; @ 29
Event: 44.113 Thread 0x000000002228a000 Uncommon trap: reason=unstable_if action=reinterpret pc=0x000000000487e8d0 method=java.io.ObjectOutputStream.writeOrdinaryObject(Ljava/lang/Object;Ljava/io/ObjectStreamClass;Z)V @ 113
Event: 44.115 Thread 0x000000001c39f800 Uncommon trap: reason=class_check action=maybe_recompile pc=0x0000000003685e8c method=com.google.common.collect.ImmutableMultimap$Builder.put(Ljava/lang/Object;Ljava/lang/Object;)Lcom/google/common/collect/ImmutableMultimap$Builder; @ 29
Event: 44.115 Thread 0x000000001c39f800 Uncommon trap: reason=class_check action=maybe_recompile pc=0x0000000003685e8c method=com.google.common.collect.ImmutableMultimap$Builder.put(Ljava/lang/Object;Ljava/lang/Object;)Lcom/google/common/collect/ImmutableMultimap$Builder; @ 29
Event: 44.115 Thread 0x000000001c39f800 Uncommon trap: reason=class_check action=maybe_recompile pc=0x0000000003685e8c method=com.google.common.collect.ImmutableMultimap$Builder.put(Ljava/lang/Object;Ljava/lang/Object;)Lcom/google/common/collect/ImmutableMultimap$Builder; @ 29
Event: 44.116 Thread 0x000000001c39f800 Uncommon trap: reason=class_check action=maybe_recompile pc=0x0000000003079e50 method=com.google.common.cache.LocalCache$LoadingValueReference.loadFuture(Ljava/lang/Object;Lcom/google/common/cache/CacheLoader;)Lcom/google/common/util/concurrent/Listenable
Event: 44.116 Thread 0x000000001c39f800 Uncommon trap: reason=class_check action=maybe_recompile pc=0x00000000046633e4 method=com.google.common.cache.LocalCache$LoadingValueReference.loadFuture(Ljava/lang/Object;Lcom/google/common/cache/CacheLoader;)Lcom/google/common/util/concurrent/Listenable
Event: 44.128 Thread 0x000000001c39f800 Uncommon trap: reason=class_check action=maybe_recompile pc=0x0000000003a2cfe4 method=java.security.MessageDigest$Delegate.clone()Ljava/lang/Object; @ 4
Event: 44.129 Thread 0x000000001c39f800 Uncommon trap: reason=array_check action=maybe_recompile pc=0x0000000004e91da8 method=java.util.TimSort.reverseRange([Ljava/lang/Object;II)V @ 27

Classes redefined (0 events):
No events

Internal exceptions (10 events):
Event: 16.228 Thread 0x0000000022287800 Implicit null exception at 0x000000000349e62f to 0x000000000349e721
Event: 16.604 Thread 0x0000000022287000 Exception <a 'sun/nio/fs/WindowsException'> (0x00000000d5ac4018) thrown at [C:\src\AOSP-openjdk-git\hotspot\src\share\vm\prims\jni.cpp, line 710]
Event: 16.642 Thread 0x000000001cb14800 Exception <a 'java/lang/NoSuchMethodError': java.lang.Object.lambda$comparingByKey$bbdbfea9$1(Ljava/util/Map$Entry;Ljava/util/Map$Entry;)I> (0x00000000d5bd8910) thrown at [C:\src\AOSP-openjdk-git\hotspot\src\share\vm\interpreter\linkResolver.cpp, line 620
Event: 16.734 Thread 0x000000001cb14800 Exception <a 'java/lang/NoSuchMethodError': <clinit>> (0x00000000d6808370) thrown at [C:\src\AOSP-openjdk-git\hotspot\src\share\vm\prims\jni.cpp, line 1615]
Event: 16.773 Thread 0x000000001b808000 Exception <a 'java/lang/NoSuchMethodError': java.lang.Object.lambda$asRunnable$0(Lcom/android/tools/build/apkzlib/utils/IOExceptionRunnable;)V> (0x00000000d6c6a718) thrown at [C:\src\AOSP-openjdk-git\hotspot\src\share\vm\interpreter\linkResolver.cpp, line
Event: 16.800 Thread 0x000000001b808000 Exception <a 'java/lang/NoSuchMethodError': java.lang.Object.newSystemTemporaryDirectory()Lcom/android/tools/build/apkzlib/bytestorage/TemporaryDirectory;> (0x00000000d6dd66d0) thrown at [C:\src\AOSP-openjdk-git\hotspot\src\share\vm\interpreter\linkResolv
Event: 16.820 Thread 0x000000001b808000 Implicit null exception at 0x000000000309807b to 0x0000000003098959
Event: 17.386 Thread 0x000000001b808000 Exception <a 'java/lang/NoSuchMethodError': java.lang.Object.lambda$static$0(Lcom/android/apksig/util/RunnablesProvider;)V> (0x00000000d71454d8) thrown at [C:\src\AOSP-openjdk-git\hotspot\src\share\vm\interpreter\linkResolver.cpp, line 620]
Event: 17.764 Thread 0x000000001c39f800 Implicit null exception at 0x000000000375342c to 0x0000000003753475
Event: 43.955 Thread 0x000000001c39f800 Implicit null exception at 0x00000000045fcc5e to 0x00000000045fd650

Events (10 events):
Event: 44.116 Thread 0x000000001c39f800 Uncommon trap: trap_request=0xffffffde fr.pc=0x00000000046633e4
Event: 44.116 Thread 0x000000001c39f800 DEOPT PACKING pc=0x00000000046633e4 sp=0x000000001e1ab530
Event: 44.116 Thread 0x000000001c39f800 DEOPT UNPACKING pc=0x0000000002b9557b sp=0x000000001e1ab4d8 mode 2
Event: 44.124 Thread 0x0000000022292000 Thread added: 0x0000000022292000
Event: 44.128 Thread 0x000000001c39f800 Uncommon trap: trap_request=0xffffffde fr.pc=0x0000000003a2cfe4
Event: 44.128 Thread 0x000000001c39f800 DEOPT PACKING pc=0x0000000003a2cfe4 sp=0x000000001e1aa240
Event: 44.128 Thread 0x000000001c39f800 DEOPT UNPACKING pc=0x0000000002b9557b sp=0x000000001e1aa218 mode 2
Event: 44.129 Thread 0x000000001c39f800 Uncommon trap: trap_request=0xffffffd6 fr.pc=0x0000000004e91da8
Event: 44.129 Thread 0x000000001c39f800 DEOPT PACKING pc=0x0000000004e91da8 sp=0x000000001e1a9e20
Event: 44.129 Thread 0x000000001c39f800 DEOPT UNPACKING pc=0x0000000002b9557b sp=0x000000001e1a9d60 mode 2


Dynamic libraries:
0x00007ff7b10d0000 - 0x00007ff7b1101000 	C:\Program Files\Android\Android Studio\jre\bin\java.exe
0x00007ffa36cd0000 - 0x00007ffa36ec5000 	C:\WINDOWS\SYSTEM32\ntdll.dll
0x00007ffa35150000 - 0x00007ffa3520d000 	C:\WINDOWS\System32\KERNEL32.DLL
0x00007ffa34830000 - 0x00007ffa34af8000 	C:\WINDOWS\System32\KERNELBASE.dll
0x00007ffa350a0000 - 0x00007ffa3514c000 	C:\WINDOWS\System32\ADVAPI32.dll
0x00007ffa36700000 - 0x00007ffa3679e000 	C:\WINDOWS\System32\msvcrt.dll
0x00007ffa36b20000 - 0x00007ffa36bbb000 	C:\WINDOWS\System32\sechost.dll
0x00007ffa369f0000 - 0x00007ffa36b1b000 	C:\WINDOWS\System32\RPCRT4.dll
0x00007ffa36850000 - 0x00007ffa369f0000 	C:\WINDOWS\System32\USER32.dll
0x00007ffa34b00000 - 0x00007ffa34b22000 	C:\WINDOWS\System32\win32u.dll
0x00007ffa366c0000 - 0x00007ffa366ea000 	C:\WINDOWS\System32\GDI32.dll
0x00007ffa346f0000 - 0x00007ffa347fb000 	C:\WINDOWS\System32\gdi32full.dll
0x00007ffa34b30000 - 0x00007ffa34bcd000 	C:\WINDOWS\System32\msvcp_win.dll
0x00007ffa34410000 - 0x00007ffa34510000 	C:\WINDOWS\System32\ucrtbase.dll
0x00007ffa229a0000 - 0x00007ffa22c3a000 	C:\WINDOWS\WinSxS\amd64_microsoft.windows.common-controls_6595b64144ccf1df_6.0.19041.844_none_ca00b6081b84eb1d\COMCTL32.dll
0x00007ffa367a0000 - 0x00007ffa367d0000 	C:\WINDOWS\System32\IMM32.DLL
0x0000000054250000 - 0x0000000054322000 	C:\Program Files\Android\Android Studio\jre\jre\bin\msvcr100.dll
0x0000000052b10000 - 0x000000005335b000 	C:\Program Files\Android\Android Studio\jre\jre\bin\server\jvm.dll
0x00007ffa35d70000 - 0x00007ffa35d78000 	C:\WINDOWS\System32\PSAPI.DLL
0x00007ffa24580000 - 0x00007ffa245a7000 	C:\WINDOWS\SYSTEM32\WINMM.dll
0x00007ffa2d330000 - 0x00007ffa2d33a000 	C:\WINDOWS\SYSTEM32\VERSION.dll
0x00007ffa2e0e0000 - 0x00007ffa2e0e9000 	C:\WINDOWS\SYSTEM32\WSOCK32.dll
0x00007ffa36bc0000 - 0x00007ffa36c2b000 	C:\WINDOWS\System32\WS2_32.dll
0x00007ffa2dcb0000 - 0x00007ffa2dcbf000 	C:\Program Files\Android\Android Studio\jre\jre\bin\verify.dll
0x00007ffa26990000 - 0x00007ffa269b9000 	C:\Program Files\Android\Android Studio\jre\jre\bin\java.dll
0x00007ffa28140000 - 0x00007ffa28156000 	C:\Program Files\Android\Android Studio\jre\jre\bin\zip.dll
0x00007ffa353b0000 - 0x00007ffa35af2000 	C:\WINDOWS\System32\SHELL32.dll
0x00007ffa32550000 - 0x00007ffa32ce1000 	C:\WINDOWS\SYSTEM32\windows.storage.dll
0x00007ffa34d30000 - 0x00007ffa35085000 	C:\WINDOWS\System32\combase.dll
0x00007ffa33e80000 - 0x00007ffa33eac000 	C:\WINDOWS\SYSTEM32\Wldp.dll
0x00007ffa36530000 - 0x00007ffa365de000 	C:\WINDOWS\System32\SHCORE.dll
0x00007ffa36c30000 - 0x00007ffa36c85000 	C:\WINDOWS\System32\shlwapi.dll
0x00007ffa34350000 - 0x00007ffa3436f000 	C:\WINDOWS\SYSTEM32\profapi.dll
0x00007ffa26d10000 - 0x00007ffa26d2a000 	C:\Program Files\Android\Android Studio\jre\jre\bin\net.dll
0x00007ffa33bf0000 - 0x00007ffa33c5a000 	C:\WINDOWS\system32\mswsock.dll
0x00007ffa26a20000 - 0x00007ffa26a33000 	C:\Program Files\Android\Android Studio\jre\jre\bin\nio.dll
0x00007ffa26900000 - 0x00007ffa26927000 	C:\Users\Lam Hong\.gradle\native\f6784746aeab05261644944871eae4fe03e0ef1612fff0a4a95f87b438bc6780\windows-amd64\native-platform.dll
0x00007ffa2b9f0000 - 0x00007ffa2b9fd000 	C:\Program Files\Android\Android Studio\jre\jre\bin\management.dll
0x00007ffa33dd0000 - 0x00007ffa33de8000 	C:\WINDOWS\SYSTEM32\CRYPTSP.dll
0x00007ffa33520000 - 0x00007ffa33554000 	C:\WINDOWS\system32\rsaenh.dll
0x00007ffa34800000 - 0x00007ffa34827000 	C:\WINDOWS\System32\bcrypt.dll
0x00007ffa342d0000 - 0x00007ffa342fe000 	C:\WINDOWS\SYSTEM32\USERENV.dll
0x00007ffa34620000 - 0x00007ffa346a0000 	C:\WINDOWS\System32\bcryptprimitives.dll
0x00007ffa33dc0000 - 0x00007ffa33dcc000 	C:\WINDOWS\SYSTEM32\CRYPTBASE.dll
0x00007ffa33890000 - 0x00007ffa338cb000 	C:\WINDOWS\SYSTEM32\IPHLPAPI.DLL
0x00007ffa366f0000 - 0x00007ffa366f8000 	C:\WINDOWS\System32\NSI.dll
0x00007ffa281c0000 - 0x00007ffa281d7000 	C:\WINDOWS\SYSTEM32\dhcpcsvc6.DLL
0x00007ffa2a150000 - 0x00007ffa2a16d000 	C:\WINDOWS\SYSTEM32\dhcpcsvc.DLL
0x00007ffa338e0000 - 0x00007ffa339ac000 	C:\WINDOWS\SYSTEM32\DNSAPI.dll
0x00007ffa2c2c0000 - 0x00007ffa2c2cb000 	C:\WINDOWS\SYSTEM32\WINNSI.DLL

VM Arguments:
jvm_args: -Xmx2048m -Dfile.encoding=UTF-8 -Duser.country=US -Duser.language=en -Duser.variant 
java_command: org.gradle.launcher.daemon.bootstrap.GradleDaemon 6.5
java_class_path (initial): C:\Users\Lam Hong\.gradle\wrapper\dists\gradle-6.5-bin\6nifqtx7604sqp1q6g8wikw7p\gradle-6.5\lib\gradle-launcher-6.5.jar
Launcher Type: SUN_STANDARD

Environment Variables:
PATH=C:\Program Files (x86)\Common Files\Oracle\Java\javapath;C:\WINDOWS\system32;C:\WINDOWS;C:\WINDOWS\System32\Wbem;C:\WINDOWS\System32\WindowsPowerShell\v1.0\;C:\WINDOWS\System32\OpenSSH\;C:\Program Files\Git\cmd;C:\Program Files\dotnet\;C:\Users\Lam Hong\AppData\Local\Microsoft\WindowsApps;C:\Users\Lam Hong\AppData\Local\GitHubDesktop\bin;C:\Program Files\Flutter\flutter\bin;;C:\Users\Lam Hong\AppData\Local\Programs\Microsoft VS Code\bin;C:\Users\Lam Hong\.dotnet\tools
USERNAME=Lam Hong
OS=Windows_NT
PROCESSOR_IDENTIFIER=Intel64 Family 6 Model 158 Stepping 9, GenuineIntel



---------------  S Y S T E M  ---------------

OS: Windows 10.0 , 64 bit Build 19041 (10.0.19041.928)

CPU:total 8 (initial active 8) (4 cores per cpu, 2 threads per core) family 6 model 158 stepping 9, cmov, cx8, fxsr, mmx, sse, sse2, sse3, ssse3, sse4.1, sse4.2, popcnt, avx, avx2, aes, clmul, erms, 3dnowpref, lzcnt, ht, tsc, tscinvbit, bmi1, bmi2, adx

Memory: 4k page, physical 16649380k(1159844k free), swap 32074984k(5128k free)

vm_info: OpenJDK 64-Bit Server VM (25.242-b01) for windows-amd64 JRE (1.8.0_242-release-1644-b01), built by "builder" with MS VC++ 10.0 (VS2010)

time: Thu May 06 10:58:25 2021
timezone: SE Asia Standard Time
elapsed time: 44 seconds (0d 0h 0m 44s)

