#
# There is insufficient memory for the Java Runtime Environment to continue.
# Native memory allocation (malloc) failed to allocate 32784 bytes for Chunk::new
# Possible reasons:
#   The system is out of physical RAM or swap space
#   The process is running with CompressedOops enabled, and the Java Heap may be blocking the growth of the native heap
# Possible solutions:
#   Reduce memory load on the system
#   Increase physical memory or swap space
#   Check if swap backing store is full
#   Decrease Java heap size (-Xmx/-Xms)
#   Decrease number of Java threads
#   Decrease Java thread stack sizes (-Xss)
#   Set larger code cache with -XX:ReservedCodeCacheSize=
#   JVM is running with Unscaled Compressed Oops mode in which the Java heap is
#     placed in the first 4GB address space. The Java Heap base address is the
#     maximum limit for the native heap growth. Please use -XX:HeapBaseMinAddress
#     to set the Java Heap base and to place the Java Heap above 4GB virtual address.
# This output file may be truncated or incomplete.
#
#  Out of Memory Error (./src/hotspot/share/memory/arena.cpp:197), pid=3552, tid=7656
#
# JRE version: OpenJDK Runtime Environment (11.0.8+10) (build 11.0.8+10-b944.6842174)
# Java VM: OpenJDK 64-Bit Server VM (11.0.8+10-b944.6842174, mixed mode, tiered, compressed oops, g1 gc, windows-amd64)
# No core dump will be written. Minidumps are not enabled by default on client versions of Windows
#

---------------  S U M M A R Y ------------

Command Line: --add-opens=java.base/java.util=ALL-UNNAMED --add-opens=java.base/java.lang=ALL-UNNAMED --add-opens=java.base/java.lang.invoke=ALL-UNNAMED --add-opens=java.prefs/java.util.prefs=ALL-UNNAMED -Xmx2048m -Dfile.encoding=UTF-8 -Duser.country=US -Duser.language=en -Duser.variant org.gradle.launcher.daemon.bootstrap.GradleDaemon 6.5

Host: Intel(R) Core(TM) i7-7700HQ CPU @ 2.80GHz, 8 cores, 15G,  Windows 10 , 64 bit Build 19041 (10.0.19041.1023)
Time: Wed Jun 16 17:01:43 2021 SE Asia Standard Time elapsed time: 15 seconds (0d 0h 0m 15s)

---------------  T H R E A D  ---------------

Current thread (0x0000027a0320b800):  JavaThread "C2 CompilerThread0" daemon [_thread_in_native, id=7656, stack(0x0000009562f00000,0x0000009563000000)]


Current CompileTask:
C2:  15410 5791 %     4       java.util.Properties$LineReader::readLine @ 224 (635 bytes)

Stack: [0x0000009562f00000,0x0000009563000000]
Native frames: (J=compiled Java code, j=interpreted, Vv=VM code, C=native code)
V  [jvm.dll+0x5de50a]
V  [jvm.dll+0x7122f5]
V  [jvm.dll+0x71384d]
V  [jvm.dll+0x713f03]
V  [jvm.dll+0x23e728]
V  [jvm.dll+0xb899c]
V  [jvm.dll+0xb8e9c]
V  [jvm.dll+0xb8a98]
V  [jvm.dll+0x5be3b0]
V  [jvm.dll+0x502332]
V  [jvm.dll+0x1ff393]
V  [jvm.dll+0x1f917c]
V  [jvm.dll+0x1f685f]
V  [jvm.dll+0x17f32c]
V  [jvm.dll+0x205047]
V  [jvm.dll+0x203891]
V  [jvm.dll+0x6dad3f]
V  [jvm.dll+0x6d3895]
V  [jvm.dll+0x5dd4a6]
C  [ucrtbase.dll+0x21bb2]
C  [KERNEL32.DLL+0x17034]
C  [ntdll.dll+0x52651]


---------------  P R O C E S S  ---------------

Threads class SMR info:
_java_thread_list=0x0000027a08e35f90, length=154, elements={
0x0000027a67d9b000, 0x0000027a031aa000, 0x0000027a031ab800, 0x0000027a03208800,
0x0000027a0320a000, 0x0000027a0320b800, 0x0000027a03214000, 0x0000027a0321d800,
0x0000027a0336f000, 0x0000027a03388800, 0x0000027a0406c800, 0x0000027a03569000,
0x0000027a04afa000, 0x0000027a04870000, 0x0000027a05105000, 0x0000027a049b9000,
0x0000027a0489f000, 0x0000027a047d7000, 0x0000027a05661800, 0x0000027a05514000,
0x0000027a0550b800, 0x0000027a0550b000, 0x0000027a0550c800, 0x0000027a05509000,
0x0000027a0550f800, 0x0000027a0550d000, 0x0000027a0550e000, 0x0000027a0550a000,
0x0000027a0550f000, 0x0000027a04151800, 0x0000027a0414f800, 0x0000027a0414f000,
0x0000027a04150800, 0x0000027a04154000, 0x0000027a04156000, 0x0000027a04155800,
0x0000027a04154800, 0x0000027a04153000, 0x0000027a0415c800, 0x0000027a04157000,
0x0000027a04158000, 0x0000027a0415b000, 0x0000027a0415d800, 0x0000027a04158800,
0x0000027a04159800, 0x0000027a0415a800, 0x0000027a0415c000, 0x0000027a07090000,
0x0000027a07091000, 0x0000027a07092800, 0x0000027a07094800, 0x0000027a07095000,
0x0000027a07093800, 0x0000027a07096000, 0x0000027a07097800, 0x0000027a07096800,
0x0000027a07092000, 0x0000027a0709b000, 0x0000027a0709b800, 0x0000027a0709c800,
0x0000027a0709a000, 0x0000027a0709d000, 0x0000027a07099000, 0x0000027a0709e000,
0x0000027a07098800, 0x0000027a0709f000, 0x0000027a09d11000, 0x0000027a09d0c800,
0x0000027a09d0b800, 0x0000027a09d0f800, 0x0000027a09d10800, 0x0000027a09d0e000,
0x0000027a09d0d000, 0x0000027a09d0f000, 0x0000027a09d17000, 0x0000027a09d17800,
0x0000027a09d12000, 0x0000027a09d16000, 0x0000027a09d18800, 0x0000027a09d13000,
0x0000027a09d19800, 0x0000027a09d13800, 0x0000027a09d1a000, 0x0000027a09d14800,
0x0000027a09d15800, 0x0000027a04e2e800, 0x0000027a04e2e000, 0x0000027a04e2f800,
0x0000027a04e2c000, 0x0000027a04e2b800, 0x0000027a04e2d000, 0x0000027a04e29800,
0x0000027a04e30000, 0x0000027a04e2a800, 0x0000027a04e37000, 0x0000027a04e35000,
0x0000027a04e36000, 0x0000027a04e32800, 0x0000027a04e31000, 0x0000027a04e37800,
0x0000027a04e32000, 0x0000027a04e38800, 0x0000027a04e33800, 0x0000027a04e34800,
0x0000027a05f47000, 0x0000027a05f48000, 0x0000027a05f4c000, 0x0000027a05f4d000,
0x0000027a05f4d800, 0x0000027a05f4e800, 0x0000027a05f48800, 0x0000027a05f4f800,
0x0000027a05f49800, 0x0000027a05f50000, 0x0000027a05f4b000, 0x0000027a05f4a800,
0x0000027a05f54000, 0x0000027a05f55000, 0x0000027a05f56000, 0x0000027a05f51000,
0x0000027a05f51800, 0x0000027a05f52800, 0x0000027a05f53800, 0x0000027a05d1c800,
0x0000027a05d21800, 0x0000027a05d23000, 0x0000027a05d22800, 0x0000027a05d1e800,
0x0000027a05d1d800, 0x0000027a05d25000, 0x0000027a05d24000, 0x0000027a05d1f000,
0x0000027a05d20800, 0x0000027a05d25800, 0x0000027a05d20000, 0x0000027a05d29800,
0x0000027a05d2b800, 0x0000027a05d28000, 0x0000027a05d29000, 0x0000027a05d2a800,
0x0000027a05d26800, 0x0000027a05d27800, 0x0000027a05bfc000, 0x0000027a05bf9800,
0x0000027a05bfd000, 0x0000027a05bf8800, 0x0000027a05bfb000, 0x0000027a05bfa800,
0x0000027a05bfd800, 0x0000027a05bf8000, 0x0000027a05c03800, 0x0000027a05c02800,
0x0000027a05c04000, 0x0000027a0a7f3800
}

Java Threads: ( => current thread )
  0x0000027a67d9b000 JavaThread "main" [_thread_blocked, id=11508, stack(0x0000009562400000,0x0000009562500000)]
  0x0000027a031aa000 JavaThread "Reference Handler" daemon [_thread_blocked, id=8652, stack(0x0000009562b00000,0x0000009562c00000)]
  0x0000027a031ab800 JavaThread "Finalizer" daemon [_thread_blocked, id=2392, stack(0x0000009562c00000,0x0000009562d00000)]
  0x0000027a03208800 JavaThread "Signal Dispatcher" daemon [_thread_blocked, id=11448, stack(0x0000009562d00000,0x0000009562e00000)]
  0x0000027a0320a000 JavaThread "Attach Listener" daemon [_thread_blocked, id=13564, stack(0x0000009562e00000,0x0000009562f00000)]
=>0x0000027a0320b800 JavaThread "C2 CompilerThread0" daemon [_thread_in_native, id=7656, stack(0x0000009562f00000,0x0000009563000000)]
  0x0000027a03214000 JavaThread "C1 CompilerThread0" daemon [_thread_blocked, id=2856, stack(0x0000009563000000,0x0000009563100000)]
  0x0000027a0321d800 JavaThread "Sweeper thread" daemon [_thread_blocked, id=2964, stack(0x0000009563100000,0x0000009563200000)]
  0x0000027a0336f000 JavaThread "Common-Cleaner" daemon [_thread_blocked, id=9184, stack(0x0000009563200000,0x0000009563300000)]
  0x0000027a03388800 JavaThread "Service Thread" daemon [_thread_blocked, id=9072, stack(0x0000009563300000,0x0000009563400000)]
  0x0000027a0406c800 JavaThread "Daemon health stats" [_thread_blocked, id=3500, stack(0x0000009563c00000,0x0000009563d00000)]
  0x0000027a03569000 JavaThread "Incoming local TCP Connector on port 62386" [_thread_in_native, id=11732, stack(0x0000009563d00000,0x0000009563e00000)]
  0x0000027a04afa000 JavaThread "Daemon periodic checks" [_thread_blocked, id=10348, stack(0x0000009563e00000,0x0000009563f00000)]
  0x0000027a04870000 JavaThread "Daemon" [_thread_blocked, id=10836, stack(0x0000009563f00000,0x0000009564000000)]
  0x0000027a05105000 JavaThread "Handler for socket connection from /127.0.0.1:62386 to /127.0.0.1:62387" [_thread_in_native, id=11932, stack(0x0000009564000000,0x0000009564100000)]
  0x8800037a2593ba10 
[error occurred during error reporting (printing all threads), id 0xc0000005, EXCEPTION_ACCESS_VIOLATION (0xc0000005) at pc=0x00007ffab2329645]

VM state:not at safepoint (normal execution)

VM Mutex/Monitor currently owned by a thread: None

OutOfMemory and StackOverflow Exception counts:
OutOfMemoryError java_heap_errors=2
LinkageErrors=97

Heap address: 0x0000000080000000, size: 2048 MB, Compressed Oops mode: 32-bit
Narrow klass base: 0x0000000000000000, Narrow klass shift: 3
Compressed class space size: 1073741824 Address: 0x0000000100000000

Heap:
 garbage-first heap   total 262144K, used 65988K [0x0000000080000000, 0x0000000100000000)
  region size 1024K, 22 young (22528K), 7 survivors (7168K)
 Metaspace       used 64502K, capacity 65953K, committed 66048K, reserved 1107968K
  class space    used 8140K, capacity 8648K, committed 8704K, reserved 1048576K
Heap Regions: E=young(eden), S=young(survivor), O=old, HS=humongous(starts), HC=humongous(continues), CS=collection set, F=free, A=archive, TAMS=top-at-mark-start (previous, next)
|   0|0x0000000080000000, 0x0000000080100000, 0x0000000080100000|100%| O|  |TAMS 0x0000000080100000, 0x0000000080000000| Untracked 
|   1|0x0000000080100000, 0x0000000080200000, 0x0000000080200000|100%| O|  |TAMS 0x0000000080200000, 0x0000000080100000| Untracked 
|   2|0x0000000080200000, 0x0000000080300000, 0x0000000080300000|100%| O|  |TAMS 0x0000000080300000, 0x0000000080200000| Untracked 
|   3|0x0000000080300000, 0x0000000080400000, 0x0000000080400000|100%|HS|  |TAMS 0x0000000080400000, 0x0000000080300000| Complete 
|   4|0x0000000080400000, 0x0000000080500000, 0x0000000080500000|100%|HC|  |TAMS 0x0000000080500000, 0x0000000080400000| Complete 
|   5|0x0000000080500000, 0x0000000080600000, 0x0000000080600000|100%|HC|  |TAMS 0x0000000080600000, 0x0000000080500000| Complete 
|   6|0x0000000080600000, 0x0000000080700000, 0x0000000080700000|100%| O|  |TAMS 0x0000000080700000, 0x0000000080600000| Untracked 
|   7|0x0000000080700000, 0x0000000080800000, 0x0000000080800000|100%| O|  |TAMS 0x0000000080800000, 0x0000000080700000| Untracked 
|   8|0x0000000080800000, 0x0000000080900000, 0x0000000080900000|100%| O|  |TAMS 0x0000000080900000, 0x0000000080800000| Untracked 
|   9|0x0000000080900000, 0x0000000080a00000, 0x0000000080a00000|100%| O|  |TAMS 0x0000000080a00000, 0x0000000080900000| Untracked 
|  10|0x0000000080a00000, 0x0000000080b00000, 0x0000000080b00000|100%| O|  |TAMS 0x0000000080b00000, 0x0000000080a00000| Untracked 
|  11|0x0000000080b00000, 0x0000000080c00000, 0x0000000080c00000|100%| O|  |TAMS 0x0000000080c00000, 0x0000000080b00000| Untracked 
|  12|0x0000000080c00000, 0x0000000080d00000, 0x0000000080d00000|100%| O|  |TAMS 0x0000000080d00000, 0x0000000080c00000| Untracked 
|  13|0x0000000080d00000, 0x0000000080e00000, 0x0000000080e00000|100%| O|  |TAMS 0x0000000080e00000, 0x0000000080d00000| Untracked 
|  14|0x0000000080e00000, 0x0000000080f00000, 0x0000000080f00000|100%| O|  |TAMS 0x0000000080f00000, 0x0000000080e00000| Untracked 
|  15|0x0000000080f00000, 0x0000000081000000, 0x0000000081000000|100%|HS|  |TAMS 0x0000000081000000, 0x0000000080f00000| Complete 
|  16|0x0000000081000000, 0x0000000081100000, 0x0000000081100000|100%|HS|  |TAMS 0x0000000081100000, 0x0000000081000000| Complete 
|  17|0x0000000081100000, 0x0000000081200000, 0x0000000081200000|100%|HC|  |TAMS 0x0000000081200000, 0x0000000081100000| Complete 
|  18|0x0000000081200000, 0x0000000081300000, 0x0000000081300000|100%|HC|  |TAMS 0x0000000081300000, 0x0000000081200000| Complete 
|  19|0x0000000081300000, 0x0000000081400000, 0x0000000081400000|100%|HS|  |TAMS 0x0000000081400000, 0x0000000081300000| Complete 
|  20|0x0000000081400000, 0x0000000081500000, 0x0000000081500000|100%|HC|  |TAMS 0x0000000081500000, 0x0000000081400000| Complete 
|  21|0x0000000081500000, 0x0000000081600000, 0x0000000081600000|100%| O|  |TAMS 0x0000000081600000, 0x0000000081500000| Untracked 
|  22|0x0000000081600000, 0x0000000081700000, 0x0000000081700000|100%| O|  |TAMS 0x0000000081700000, 0x0000000081600000| Untracked 
|  23|0x0000000081700000, 0x0000000081800000, 0x0000000081800000|100%| O|  |TAMS 0x0000000081800000, 0x0000000081700000| Untracked 
|  24|0x0000000081800000, 0x0000000081900000, 0x0000000081900000|100%| O|  |TAMS 0x0000000081900000, 0x0000000081800000| Untracked 
|  25|0x0000000081900000, 0x0000000081a00000, 0x0000000081a00000|100%| O|  |TAMS 0x0000000081a00000, 0x0000000081900000| Untracked 
|  26|0x0000000081a00000, 0x0000000081b00000, 0x0000000081b00000|100%| O|  |TAMS 0x0000000081b00000, 0x0000000081a00000| Untracked 
|  27|0x0000000081b00000, 0x0000000081c00000, 0x0000000081c00000|100%| O|  |TAMS 0x0000000081c00000, 0x0000000081b00000| Untracked 
|  28|0x0000000081c00000, 0x0000000081d00000, 0x0000000081d00000|100%| O|  |TAMS 0x0000000081d00000, 0x0000000081c00000| Untracked 
|  29|0x0000000081d00000, 0x0000000081e00000, 0x0000000081e00000|100%| O|  |TAMS 0x0000000081e00000, 0x0000000081d00000| Untracked 
|  30|0x0000000081e00000, 0x0000000081f00000, 0x0000000081f00000|100%| O|  |TAMS 0x0000000081f00000, 0x0000000081e00000| Untracked 
|  31|0x0000000081f00000, 0x0000000082000000, 0x0000000082000000|100%| O|  |TAMS 0x0000000082000000, 0x0000000081f00000| Untracked 
|  32|0x0000000082000000, 0x0000000082100000, 0x0000000082100000|100%| O|  |TAMS 0x0000000082100000, 0x0000000082000000| Untracked 
|  33|0x0000000082100000, 0x0000000082200000, 0x0000000082200000|100%| O|  |TAMS 0x0000000082200000, 0x0000000082100000| Untracked 
|  34|0x0000000082200000, 0x0000000082300000, 0x0000000082300000|100%| O|  |TAMS 0x0000000082300000, 0x0000000082200000| Untracked 
|  35|0x0000000082300000, 0x0000000082400000, 0x0000000082400000|100%| O|  |TAMS 0x0000000082400000, 0x0000000082300000| Untracked 
|  36|0x0000000082400000, 0x0000000082500000, 0x0000000082500000|100%| O|  |TAMS 0x0000000082500000, 0x0000000082400000| Untracked 
|  37|0x0000000082500000, 0x0000000082600000, 0x0000000082600000|100%| O|  |TAMS 0x0000000082600000, 0x0000000082500000| Untracked 
|  38|0x0000000082600000, 0x0000000082700000, 0x0000000082700000|100%| O|  |TAMS 0x0000000082700000, 0x0000000082600000| Untracked 
|  39|0x0000000082700000, 0x0000000082800000, 0x0000000082800000|100%| O|  |TAMS 0x0000000082800000, 0x0000000082700000| Untracked 
|  40|0x0000000082800000, 0x0000000082900000, 0x0000000082900000|100%| O|  |TAMS 0x0000000082900000, 0x0000000082800000| Untracked 
|  41|0x0000000082900000, 0x0000000082a00000, 0x0000000082a00000|100%| O|  |TAMS 0x0000000082a00000, 0x0000000082900000| Untracked 
|  42|0x0000000082a00000, 0x0000000082b00000, 0x0000000082b00000|100%| O|  |TAMS 0x0000000082b00000, 0x0000000082a00000| Untracked 
|  43|0x0000000082b00000, 0x0000000082c00000, 0x0000000082c00000|100%| O|  |TAMS 0x0000000082c00000, 0x0000000082b00000| Untracked 
|  44|0x0000000082c00000, 0x0000000082cb7000, 0x0000000082d00000| 71%| O|  |TAMS 0x0000000082cb7000, 0x0000000082c00000| Untracked 
|  45|0x0000000082d00000, 0x0000000082d00000, 0x0000000082e00000|  0%| F|  |TAMS 0x0000000082d00000, 0x0000000082d00000| Untracked 
|  46|0x0000000082e00000, 0x0000000082e00000, 0x0000000082f00000|  0%| F|  |TAMS 0x0000000082e00000, 0x0000000082e00000| Untracked 
|  47|0x0000000082f00000, 0x0000000082f00000, 0x0000000083000000|  0%| F|  |TAMS 0x0000000082f00000, 0x0000000082f00000| Untracked 
|  48|0x0000000083000000, 0x0000000083000000, 0x0000000083100000|  0%| F|  |TAMS 0x0000000083000000, 0x0000000083000000| Untracked 
|  49|0x0000000083100000, 0x0000000083100000, 0x0000000083200000|  0%| F|  |TAMS 0x0000000083100000, 0x0000000083100000| Untracked 
|  50|0x0000000083200000, 0x0000000083200000, 0x0000000083300000|  0%| F|  |TAMS 0x0000000083200000, 0x0000000083200000| Untracked 
|  51|0x0000000083300000, 0x0000000083300000, 0x0000000083400000|  0%| F|  |TAMS 0x0000000083300000, 0x0000000083300000| Untracked 
|  52|0x0000000083400000, 0x0000000083400000, 0x0000000083500000|  0%| F|  |TAMS 0x0000000083400000, 0x0000000083400000| Untracked 
|  53|0x0000000083500000, 0x0000000083500000, 0x0000000083600000|  0%| F|  |TAMS 0x0000000083500000, 0x0000000083500000| Untracked 
|  54|0x0000000083600000, 0x0000000083600000, 0x0000000083700000|  0%| F|  |TAMS 0x0000000083600000, 0x0000000083600000| Untracked 
|  55|0x0000000083700000, 0x0000000083700000, 0x0000000083800000|  0%| F|  |TAMS 0x0000000083700000, 0x0000000083700000| Untracked 
|  56|0x0000000083800000, 0x0000000083800000, 0x0000000083900000|  0%| F|  |TAMS 0x0000000083800000, 0x0000000083800000| Untracked 
|  57|0x0000000083900000, 0x0000000083900000, 0x0000000083a00000|  0%| F|  |TAMS 0x0000000083900000, 0x0000000083900000| Untracked 
|  58|0x0000000083a00000, 0x0000000083a00000, 0x0000000083b00000|  0%| F|  |TAMS 0x0000000083a00000, 0x0000000083a00000| Untracked 
|  59|0x0000000083b00000, 0x0000000083b00000, 0x0000000083c00000|  0%| F|  |TAMS 0x0000000083b00000, 0x0000000083b00000| Untracked 
|  60|0x0000000083c00000, 0x0000000083c00000, 0x0000000083d00000|  0%| F|  |TAMS 0x0000000083c00000, 0x0000000083c00000| Untracked 
|  61|0x0000000083d00000, 0x0000000083d00000, 0x0000000083e00000|  0%| F|  |TAMS 0x0000000083d00000, 0x0000000083d00000| Untracked 
|  62|0x0000000083e00000, 0x0000000083e00000, 0x0000000083f00000|  0%| F|  |TAMS 0x0000000083e00000, 0x0000000083e00000| Untracked 
|  63|0x0000000083f00000, 0x0000000083f00000, 0x0000000084000000|  0%| F|  |TAMS 0x0000000083f00000, 0x0000000083f00000| Untracked 
|  64|0x0000000084000000, 0x0000000084000000, 0x0000000084100000|  0%| F|  |TAMS 0x0000000084000000, 0x0000000084000000| Untracked 
|  65|0x0000000084100000, 0x0000000084100000, 0x0000000084200000|  0%| F|  |TAMS 0x0000000084100000, 0x0000000084100000| Untracked 
|  66|0x0000000084200000, 0x0000000084200000, 0x0000000084300000|  0%| F|  |TAMS 0x0000000084200000, 0x0000000084200000| Untracked 
|  67|0x0000000084300000, 0x0000000084300000, 0x0000000084400000|  0%| F|  |TAMS 0x0000000084300000, 0x0000000084300000| Untracked 
|  68|0x0000000084400000, 0x0000000084400000, 0x0000000084500000|  0%| F|  |TAMS 0x0000000084400000, 0x0000000084400000| Untracked 
|  69|0x0000000084500000, 0x0000000084500000, 0x0000000084600000|  0%| F|  |TAMS 0x0000000084500000, 0x0000000084500000| Untracked 
|  70|0x0000000084600000, 0x0000000084600000, 0x0000000084700000|  0%| F|  |TAMS 0x0000000084600000, 0x0000000084600000| Untracked 
|  71|0x0000000084700000, 0x0000000084700000, 0x0000000084800000|  0%| F|  |TAMS 0x0000000084700000, 0x0000000084700000| Untracked 
|  72|0x0000000084800000, 0x0000000084800000, 0x0000000084900000|  0%| F|  |TAMS 0x0000000084800000, 0x0000000084800000| Untracked 
|  73|0x0000000084900000, 0x0000000084900000, 0x0000000084a00000|  0%| F|  |TAMS 0x0000000084900000, 0x0000000084900000| Untracked 
|  74|0x0000000084a00000, 0x0000000084a00000, 0x0000000084b00000|  0%| F|  |TAMS 0x0000000084a00000, 0x0000000084a00000| Untracked 
|  75|0x0000000084b00000, 0x0000000084b00000, 0x0000000084c00000|  0%| F|  |TAMS 0x0000000084b00000, 0x0000000084b00000| Untracked 
|  76|0x0000000084c00000, 0x0000000084c00000, 0x0000000084d00000|  0%| F|  |TAMS 0x0000000084c00000, 0x0000000084c00000| Untracked 
|  77|0x0000000084d00000, 0x0000000084d00000, 0x0000000084e00000|  0%| F|  |TAMS 0x0000000084d00000, 0x0000000084d00000| Untracked 
|  78|0x0000000084e00000, 0x0000000084e00000, 0x0000000084f00000|  0%| F|  |TAMS 0x0000000084e00000, 0x0000000084e00000| Untracked 
|  79|0x0000000084f00000, 0x0000000084f00000, 0x0000000085000000|  0%| F|  |TAMS 0x0000000084f00000, 0x0000000084f00000| Untracked 
|  80|0x0000000085000000, 0x0000000085000000, 0x0000000085100000|  0%| F|  |TAMS 0x0000000085000000, 0x0000000085000000| Untracked 
|  81|0x0000000085100000, 0x0000000085100000, 0x0000000085200000|  0%| F|  |TAMS 0x0000000085100000, 0x0000000085100000| Untracked 
|  82|0x0000000085200000, 0x0000000085200000, 0x0000000085300000|  0%| F|  |TAMS 0x0000000085200000, 0x0000000085200000| Untracked 
|  83|0x0000000085300000, 0x0000000085300000, 0x0000000085400000|  0%| F|  |TAMS 0x0000000085300000, 0x0000000085300000| Untracked 
|  84|0x0000000085400000, 0x0000000085400000, 0x0000000085500000|  0%| F|  |TAMS 0x0000000085400000, 0x0000000085400000| Untracked 
|  85|0x0000000085500000, 0x0000000085500000, 0x0000000085600000|  0%| F|  |TAMS 0x0000000085500000, 0x0000000085500000| Untracked 
|  86|0x0000000085600000, 0x0000000085600000, 0x0000000085700000|  0%| F|  |TAMS 0x0000000085600000, 0x0000000085600000| Untracked 
|  87|0x0000000085700000, 0x0000000085700000, 0x0000000085800000|  0%| F|  |TAMS 0x0000000085700000, 0x0000000085700000| Untracked 
|  88|0x0000000085800000, 0x0000000085800000, 0x0000000085900000|  0%| F|  |TAMS 0x0000000085800000, 0x0000000085800000| Untracked 
|  89|0x0000000085900000, 0x0000000085900000, 0x0000000085a00000|  0%| F|  |TAMS 0x0000000085900000, 0x0000000085900000| Untracked 
|  90|0x0000000085a00000, 0x0000000085a00000, 0x0000000085b00000|  0%| F|  |TAMS 0x0000000085a00000, 0x0000000085a00000| Untracked 
|  91|0x0000000085b00000, 0x0000000085b00000, 0x0000000085c00000|  0%| F|  |TAMS 0x0000000085b00000, 0x0000000085b00000| Untracked 
|  92|0x0000000085c00000, 0x0000000085c00000, 0x0000000085d00000|  0%| F|  |TAMS 0x0000000085c00000, 0x0000000085c00000| Untracked 
|  93|0x0000000085d00000, 0x0000000085d00000, 0x0000000085e00000|  0%| F|  |TAMS 0x0000000085d00000, 0x0000000085d00000| Untracked 
|  94|0x0000000085e00000, 0x0000000085e00000, 0x0000000085f00000|  0%| F|  |TAMS 0x0000000085e00000, 0x0000000085e00000| Untracked 
|  95|0x0000000085f00000, 0x0000000085f00000, 0x0000000086000000|  0%| F|  |TAMS 0x0000000085f00000, 0x0000000085f00000| Untracked 
|  96|0x0000000086000000, 0x0000000086000000, 0x0000000086100000|  0%| F|  |TAMS 0x0000000086000000, 0x0000000086000000| Untracked 
|  97|0x0000000086100000, 0x0000000086100000, 0x0000000086200000|  0%| F|  |TAMS 0x0000000086100000, 0x0000000086100000| Untracked 
|  98|0x0000000086200000, 0x0000000086200000, 0x0000000086300000|  0%| F|  |TAMS 0x0000000086200000, 0x0000000086200000| Untracked 
|  99|0x0000000086300000, 0x0000000086300000, 0x0000000086400000|  0%| F|  |TAMS 0x0000000086300000, 0x0000000086300000| Untracked 
| 100|0x0000000086400000, 0x0000000086400000, 0x0000000086500000|  0%| F|  |TAMS 0x0000000086400000, 0x0000000086400000| Untracked 
| 101|0x0000000086500000, 0x0000000086500000, 0x0000000086600000|  0%| F|  |TAMS 0x0000000086500000, 0x0000000086500000| Untracked 
| 102|0x0000000086600000, 0x0000000086600000, 0x0000000086700000|  0%| F|  |TAMS 0x0000000086600000, 0x0000000086600000| Untracked 
| 103|0x0000000086700000, 0x0000000086700000, 0x0000000086800000|  0%| F|  |TAMS 0x0000000086700000, 0x0000000086700000| Untracked 
| 104|0x0000000086800000, 0x0000000086800000, 0x0000000086900000|  0%| F|  |TAMS 0x0000000086800000, 0x0000000086800000| Untracked 
| 105|0x0000000086900000, 0x0000000086900000, 0x0000000086a00000|  0%| F|  |TAMS 0x0000000086900000, 0x0000000086900000| Untracked 
| 106|0x0000000086a00000, 0x0000000086a00000, 0x0000000086b00000|  0%| F|  |TAMS 0x0000000086a00000, 0x0000000086a00000| Untracked 
| 107|0x0000000086b00000, 0x0000000086b00000, 0x0000000086c00000|  0%| F|  |TAMS 0x0000000086b00000, 0x0000000086b00000| Untracked 
| 108|0x0000000086c00000, 0x0000000086c00000, 0x0000000086d00000|  0%| F|  |TAMS 0x0000000086c00000, 0x0000000086c00000| Untracked 
| 109|0x0000000086d00000, 0x0000000086d00000, 0x0000000086e00000|  0%| F|  |TAMS 0x0000000086d00000, 0x0000000086d00000| Untracked 
| 110|0x0000000086e00000, 0x0000000086e00000, 0x0000000086f00000|  0%| F|  |TAMS 0x0000000086e00000, 0x0000000086e00000| Untracked 
| 111|0x0000000086f00000, 0x0000000086f00000, 0x0000000087000000|  0%| F|  |TAMS 0x0000000086f00000, 0x0000000086f00000| Untracked 
| 112|0x0000000087000000, 0x0000000087000000, 0x0000000087100000|  0%| F|  |TAMS 0x0000000087000000, 0x0000000087000000| Untracked 
| 113|0x0000000087100000, 0x0000000087100000, 0x0000000087200000|  0%| F|  |TAMS 0x0000000087100000, 0x0000000087100000| Untracked 
| 114|0x0000000087200000, 0x0000000087200000, 0x0000000087300000|  0%| F|  |TAMS 0x0000000087200000, 0x0000000087200000| Untracked 
| 115|0x0000000087300000, 0x0000000087300000, 0x0000000087400000|  0%| F|  |TAMS 0x0000000087300000, 0x0000000087300000| Untracked 
| 116|0x0000000087400000, 0x0000000087400000, 0x0000000087500000|  0%| F|  |TAMS 0x0000000087400000, 0x0000000087400000| Untracked 
| 117|0x0000000087500000, 0x0000000087500000, 0x0000000087600000|  0%| F|  |TAMS 0x0000000087500000, 0x0000000087500000| Untracked 
| 118|0x0000000087600000, 0x0000000087600000, 0x0000000087700000|  0%| F|  |TAMS 0x0000000087600000, 0x0000000087600000| Untracked 
| 119|0x0000000087700000, 0x0000000087700000, 0x0000000087800000|  0%| F|  |TAMS 0x0000000087700000, 0x0000000087700000| Untracked 
| 120|0x0000000087800000, 0x0000000087800000, 0x0000000087900000|  0%| F|  |TAMS 0x0000000087800000, 0x0000000087800000| Untracked 
| 121|0x0000000087900000, 0x0000000087900000, 0x0000000087a00000|  0%| F|  |TAMS 0x0000000087900000, 0x0000000087900000| Untracked 
| 122|0x0000000087a00000, 0x0000000087a00000, 0x0000000087b00000|  0%| F|  |TAMS 0x0000000087a00000, 0x0000000087a00000| Untracked 
| 123|0x0000000087b00000, 0x0000000087b00000, 0x0000000087c00000|  0%| F|  |TAMS 0x0000000087b00000, 0x0000000087b00000| Untracked 
| 124|0x0000000087c00000, 0x0000000087c00000, 0x0000000087d00000|  0%| F|  |TAMS 0x0000000087c00000, 0x0000000087c00000| Untracked 
| 125|0x0000000087d00000, 0x0000000087d00000, 0x0000000087e00000|  0%| F|  |TAMS 0x0000000087d00000, 0x0000000087d00000| Untracked 
| 126|0x0000000087e00000, 0x0000000087e00000, 0x0000000087f00000|  0%| F|  |TAMS 0x0000000087e00000, 0x0000000087e00000| Untracked 
| 127|0x0000000087f00000, 0x0000000087f00000, 0x0000000088000000|  0%| F|  |TAMS 0x0000000087f00000, 0x0000000087f00000| Untracked 
| 128|0x0000000088000000, 0x0000000088000000, 0x0000000088100000|  0%| F|  |TAMS 0x0000000088000000, 0x0000000088000000| Untracked 
| 129|0x0000000088100000, 0x0000000088100000, 0x0000000088200000|  0%| F|  |TAMS 0x0000000088100000, 0x0000000088100000| Untracked 
| 130|0x0000000088200000, 0x0000000088200000, 0x0000000088300000|  0%| F|  |TAMS 0x0000000088200000, 0x0000000088200000| Untracked 
| 131|0x0000000088300000, 0x0000000088300000, 0x0000000088400000|  0%| F|  |TAMS 0x0000000088300000, 0x0000000088300000| Untracked 
| 132|0x0000000088400000, 0x0000000088400000, 0x0000000088500000|  0%| F|  |TAMS 0x0000000088400000, 0x0000000088400000| Untracked 
| 133|0x0000000088500000, 0x0000000088500000, 0x0000000088600000|  0%| F|  |TAMS 0x0000000088500000, 0x0000000088500000| Untracked 
| 134|0x0000000088600000, 0x0000000088600000, 0x0000000088700000|  0%| F|  |TAMS 0x0000000088600000, 0x0000000088600000| Untracked 
| 135|0x0000000088700000, 0x0000000088700000, 0x0000000088800000|  0%| F|  |TAMS 0x0000000088700000, 0x0000000088700000| Untracked 
| 136|0x0000000088800000, 0x0000000088800000, 0x0000000088900000|  0%| F|  |TAMS 0x0000000088800000, 0x0000000088800000| Untracked 
| 137|0x0000000088900000, 0x0000000088900000, 0x0000000088a00000|  0%| F|  |TAMS 0x0000000088900000, 0x0000000088900000| Untracked 
| 138|0x0000000088a00000, 0x0000000088a00000, 0x0000000088b00000|  0%| F|  |TAMS 0x0000000088a00000, 0x0000000088a00000| Untracked 
| 139|0x0000000088b00000, 0x0000000088b00000, 0x0000000088c00000|  0%| F|  |TAMS 0x0000000088b00000, 0x0000000088b00000| Untracked 
| 140|0x0000000088c00000, 0x0000000088c00000, 0x0000000088d00000|  0%| F|  |TAMS 0x0000000088c00000, 0x0000000088c00000| Untracked 
| 141|0x0000000088d00000, 0x0000000088d00000, 0x0000000088e00000|  0%| F|  |TAMS 0x0000000088d00000, 0x0000000088d00000| Untracked 
| 142|0x0000000088e00000, 0x0000000088e00000, 0x0000000088f00000|  0%| F|  |TAMS 0x0000000088e00000, 0x0000000088e00000| Untracked 
| 143|0x0000000088f00000, 0x0000000088f00000, 0x0000000089000000|  0%| F|  |TAMS 0x0000000088f00000, 0x0000000088f00000| Untracked 
| 144|0x0000000089000000, 0x0000000089000000, 0x0000000089100000|  0%| F|  |TAMS 0x0000000089000000, 0x0000000089000000| Untracked 
| 145|0x0000000089100000, 0x0000000089100000, 0x0000000089200000|  0%| F|  |TAMS 0x0000000089100000, 0x0000000089100000| Untracked 
| 146|0x0000000089200000, 0x0000000089200000, 0x0000000089300000|  0%| F|  |TAMS 0x0000000089200000, 0x0000000089200000| Untracked 
| 147|0x0000000089300000, 0x0000000089300000, 0x0000000089400000|  0%| F|  |TAMS 0x0000000089300000, 0x0000000089300000| Untracked 
| 148|0x0000000089400000, 0x0000000089400000, 0x0000000089500000|  0%| F|  |TAMS 0x0000000089400000, 0x0000000089400000| Untracked 
| 149|0x0000000089500000, 0x0000000089500000, 0x0000000089600000|  0%| F|  |TAMS 0x0000000089500000, 0x0000000089500000| Untracked 
| 150|0x0000000089600000, 0x0000000089600000, 0x0000000089700000|  0%| F|  |TAMS 0x0000000089600000, 0x0000000089600000| Untracked 
| 151|0x0000000089700000, 0x0000000089700000, 0x0000000089800000|  0%| F|  |TAMS 0x0000000089700000, 0x0000000089700000| Untracked 
| 152|0x0000000089800000, 0x0000000089800000, 0x0000000089900000|  0%| F|  |TAMS 0x0000000089800000, 0x0000000089800000| Untracked 
| 153|0x0000000089900000, 0x0000000089900000, 0x0000000089a00000|  0%| F|  |TAMS 0x0000000089900000, 0x0000000089900000| Untracked 
| 154|0x0000000089a00000, 0x0000000089a00000, 0x0000000089b00000|  0%| F|  |TAMS 0x0000000089a00000, 0x0000000089a00000| Untracked 
| 155|0x0000000089b00000, 0x0000000089b00000, 0x0000000089c00000|  0%| F|  |TAMS 0x0000000089b00000, 0x0000000089b00000| Untracked 
| 156|0x0000000089c00000, 0x0000000089c00000, 0x0000000089d00000|  0%| F|  |TAMS 0x0000000089c00000, 0x0000000089c00000| Untracked 
| 157|0x0000000089d00000, 0x0000000089d00000, 0x0000000089e00000|  0%| F|  |TAMS 0x0000000089d00000, 0x0000000089d00000| Untracked 
| 158|0x0000000089e00000, 0x0000000089e00000, 0x0000000089f00000|  0%| F|  |TAMS 0x0000000089e00000, 0x0000000089e00000| Untracked 
| 159|0x0000000089f00000, 0x0000000089f00000, 0x000000008a000000|  0%| F|  |TAMS 0x0000000089f00000, 0x0000000089f00000| Untracked 
| 160|0x000000008a000000, 0x000000008a000000, 0x000000008a100000|  0%| F|  |TAMS 0x000000008a000000, 0x000000008a000000| Untracked 
| 161|0x000000008a100000, 0x000000008a100000, 0x000000008a200000|  0%| F|  |TAMS 0x000000008a100000, 0x000000008a100000| Untracked 
| 162|0x000000008a200000, 0x000000008a200000, 0x000000008a300000|  0%| F|  |TAMS 0x000000008a200000, 0x000000008a200000| Untracked 
| 163|0x000000008a300000, 0x000000008a300000, 0x000000008a400000|  0%| F|  |TAMS 0x000000008a300000, 0x000000008a300000| Untracked 
| 164|0x000000008a400000, 0x000000008a400000, 0x000000008a500000|  0%| F|  |TAMS 0x000000008a400000, 0x000000008a400000| Untracked 
| 165|0x000000008a500000, 0x000000008a500000, 0x000000008a600000|  0%| F|  |TAMS 0x000000008a500000, 0x000000008a500000| Untracked 
| 166|0x000000008a600000, 0x000000008a600000, 0x000000008a700000|  0%| F|  |TAMS 0x000000008a600000, 0x000000008a600000| Untracked 
| 167|0x000000008a700000, 0x000000008a700000, 0x000000008a800000|  0%| F|  |TAMS 0x000000008a700000, 0x000000008a700000| Untracked 
| 168|0x000000008a800000, 0x000000008a800000, 0x000000008a900000|  0%| F|  |TAMS 0x000000008a800000, 0x000000008a800000| Untracked 
| 169|0x000000008a900000, 0x000000008a900000, 0x000000008aa00000|  0%| F|  |TAMS 0x000000008a900000, 0x000000008a900000| Untracked 
| 170|0x000000008aa00000, 0x000000008aa00000, 0x000000008ab00000|  0%| F|  |TAMS 0x000000008aa00000, 0x000000008aa00000| Untracked 
| 171|0x000000008ab00000, 0x000000008ab00000, 0x000000008ac00000|  0%| F|  |TAMS 0x000000008ab00000, 0x000000008ab00000| Untracked 
| 172|0x000000008ac00000, 0x000000008ac00000, 0x000000008ad00000|  0%| F|  |TAMS 0x000000008ac00000, 0x000000008ac00000| Untracked 
| 173|0x000000008ad00000, 0x000000008ad00000, 0x000000008ae00000|  0%| F|  |TAMS 0x000000008ad00000, 0x000000008ad00000| Untracked 
| 174|0x000000008ae00000, 0x000000008ae00000, 0x000000008af00000|  0%| F|  |TAMS 0x000000008ae00000, 0x000000008ae00000| Untracked 
| 175|0x000000008af00000, 0x000000008af00000, 0x000000008b000000|  0%| F|  |TAMS 0x000000008af00000, 0x000000008af00000| Untracked 
| 176|0x000000008b000000, 0x000000008b000000, 0x000000008b100000|  0%| F|  |TAMS 0x000000008b000000, 0x000000008b000000| Untracked 
| 177|0x000000008b100000, 0x000000008b100000, 0x000000008b200000|  0%| F|  |TAMS 0x000000008b100000, 0x000000008b100000| Untracked 
| 178|0x000000008b200000, 0x000000008b200000, 0x000000008b300000|  0%| F|  |TAMS 0x000000008b200000, 0x000000008b200000| Untracked 
| 179|0x000000008b300000, 0x000000008b300000, 0x000000008b400000|  0%| F|  |TAMS 0x000000008b300000, 0x000000008b300000| Untracked 
| 180|0x000000008b400000, 0x000000008b400000, 0x000000008b500000|  0%| F|  |TAMS 0x000000008b400000, 0x000000008b400000| Untracked 
| 181|0x000000008b500000, 0x000000008b500000, 0x000000008b600000|  0%| F|  |TAMS 0x000000008b500000, 0x000000008b500000| Untracked 
| 182|0x000000008b600000, 0x000000008b600000, 0x000000008b700000|  0%| F|  |TAMS 0x000000008b600000, 0x000000008b600000| Untracked 
| 183|0x000000008b700000, 0x000000008b7ba200, 0x000000008b800000| 72%| S|CS|TAMS 0x000000008b700000, 0x000000008b700000| Complete 
| 184|0x000000008b800000, 0x000000008b900000, 0x000000008b900000|100%| S|CS|TAMS 0x000000008b800000, 0x000000008b800000| Complete 
| 185|0x000000008b900000, 0x000000008ba00000, 0x000000008ba00000|100%| S|CS|TAMS 0x000000008b900000, 0x000000008b900000| Complete 
| 186|0x000000008ba00000, 0x000000008bb00000, 0x000000008bb00000|100%| S|CS|TAMS 0x000000008ba00000, 0x000000008ba00000| Complete 
| 187|0x000000008bb00000, 0x000000008bc00000, 0x000000008bc00000|100%| S|CS|TAMS 0x000000008bb00000, 0x000000008bb00000| Complete 
| 188|0x000000008bc00000, 0x000000008bd00000, 0x000000008bd00000|100%| S|CS|TAMS 0x000000008bc00000, 0x000000008bc00000| Complete 
| 189|0x000000008bd00000, 0x000000008be00000, 0x000000008be00000|100%| S|CS|TAMS 0x000000008bd00000, 0x000000008bd00000| Complete 
| 190|0x000000008be00000, 0x000000008be00000, 0x000000008bf00000|  0%| F|  |TAMS 0x000000008be00000, 0x000000008be00000| Untracked 
| 191|0x000000008bf00000, 0x000000008bf00000, 0x000000008c000000|  0%| F|  |TAMS 0x000000008bf00000, 0x000000008bf00000| Untracked 
| 192|0x000000008c000000, 0x000000008c000000, 0x000000008c100000|  0%| F|  |TAMS 0x000000008c000000, 0x000000008c000000| Untracked 
| 193|0x000000008c100000, 0x000000008c100000, 0x000000008c200000|  0%| F|  |TAMS 0x000000008c100000, 0x000000008c100000| Untracked 
| 194|0x000000008c200000, 0x000000008c200000, 0x000000008c300000|  0%| F|  |TAMS 0x000000008c200000, 0x000000008c200000| Untracked 
| 195|0x000000008c300000, 0x000000008c300000, 0x000000008c400000|  0%| F|  |TAMS 0x000000008c300000, 0x000000008c300000| Untracked 
| 196|0x000000008c400000, 0x000000008c400000, 0x000000008c500000|  0%| F|  |TAMS 0x000000008c400000, 0x000000008c400000| Untracked 
| 197|0x000000008c500000, 0x000000008c500000, 0x000000008c600000|  0%| F|  |TAMS 0x000000008c500000, 0x000000008c500000| Untracked 
| 198|0x000000008c600000, 0x000000008c600000, 0x000000008c700000|  0%| F|  |TAMS 0x000000008c600000, 0x000000008c600000| Untracked 
| 199|0x000000008c700000, 0x000000008c700000, 0x000000008c800000|  0%| F|  |TAMS 0x000000008c700000, 0x000000008c700000| Untracked 
| 200|0x000000008c800000, 0x000000008c800000, 0x000000008c900000|  0%| F|  |TAMS 0x000000008c800000, 0x000000008c800000| Untracked 
| 201|0x000000008c900000, 0x000000008c900000, 0x000000008ca00000|  0%| F|  |TAMS 0x000000008c900000, 0x000000008c900000| Untracked 
| 202|0x000000008ca00000, 0x000000008ca00000, 0x000000008cb00000|  0%| F|  |TAMS 0x000000008ca00000, 0x000000008ca00000| Untracked 
| 203|0x000000008cb00000, 0x000000008cb00000, 0x000000008cc00000|  0%| F|  |TAMS 0x000000008cb00000, 0x000000008cb00000| Untracked 
| 204|0x000000008cc00000, 0x000000008cc00000, 0x000000008cd00000|  0%| F|  |TAMS 0x000000008cc00000, 0x000000008cc00000| Untracked 
| 205|0x000000008cd00000, 0x000000008cd00000, 0x000000008ce00000|  0%| F|  |TAMS 0x000000008cd00000, 0x000000008cd00000| Untracked 
| 206|0x000000008ce00000, 0x000000008ce00000, 0x000000008cf00000|  0%| F|  |TAMS 0x000000008ce00000, 0x000000008ce00000| Untracked 
| 207|0x000000008cf00000, 0x000000008cf00000, 0x000000008d000000|  0%| F|  |TAMS 0x000000008cf00000, 0x000000008cf00000| Untracked 
| 208|0x000000008d000000, 0x000000008d000000, 0x000000008d100000|  0%| F|  |TAMS 0x000000008d000000, 0x000000008d000000| Untracked 
| 209|0x000000008d100000, 0x000000008d100000, 0x000000008d200000|  0%| F|  |TAMS 0x000000008d100000, 0x000000008d100000| Untracked 
| 210|0x000000008d200000, 0x000000008d200000, 0x000000008d300000|  0%| F|  |TAMS 0x000000008d200000, 0x000000008d200000| Untracked 
| 211|0x000000008d300000, 0x000000008d300000, 0x000000008d400000|  0%| F|  |TAMS 0x000000008d300000, 0x000000008d300000| Untracked 
| 212|0x000000008d400000, 0x000000008d400000, 0x000000008d500000|  0%| F|  |TAMS 0x000000008d400000, 0x000000008d400000| Untracked 
| 213|0x000000008d500000, 0x000000008d500000, 0x000000008d600000|  0%| F|  |TAMS 0x000000008d500000, 0x000000008d500000| Untracked 
| 214|0x000000008d600000, 0x000000008d600000, 0x000000008d700000|  0%| F|  |TAMS 0x000000008d600000, 0x000000008d600000| Untracked 
| 215|0x000000008d700000, 0x000000008d700000, 0x000000008d800000|  0%| F|  |TAMS 0x000000008d700000, 0x000000008d700000| Untracked 
| 216|0x000000008d800000, 0x000000008d800000, 0x000000008d900000|  0%| F|  |TAMS 0x000000008d800000, 0x000000008d800000| Untracked 
| 217|0x000000008d900000, 0x000000008d900000, 0x000000008da00000|  0%| F|  |TAMS 0x000000008d900000, 0x000000008d900000| Untracked 
| 218|0x000000008da00000, 0x000000008da00000, 0x000000008db00000|  0%| F|  |TAMS 0x000000008da00000, 0x000000008da00000| Untracked 
| 219|0x000000008db00000, 0x000000008db00000, 0x000000008dc00000|  0%| F|  |TAMS 0x000000008db00000, 0x000000008db00000| Untracked 
| 220|0x000000008dc00000, 0x000000008dc00000, 0x000000008dd00000|  0%| F|  |TAMS 0x000000008dc00000, 0x000000008dc00000| Untracked 
| 221|0x000000008dd00000, 0x000000008dd00000, 0x000000008de00000|  0%| F|  |TAMS 0x000000008dd00000, 0x000000008dd00000| Untracked 
| 222|0x000000008de00000, 0x000000008de00000, 0x000000008df00000|  0%| F|  |TAMS 0x000000008de00000, 0x000000008de00000| Untracked 
| 223|0x000000008df00000, 0x000000008df00000, 0x000000008e000000|  0%| F|  |TAMS 0x000000008df00000, 0x000000008df00000| Untracked 
| 224|0x000000008e000000, 0x000000008e000000, 0x000000008e100000|  0%| F|  |TAMS 0x000000008e000000, 0x000000008e000000| Untracked 
| 225|0x000000008e100000, 0x000000008e100000, 0x000000008e200000|  0%| F|  |TAMS 0x000000008e100000, 0x000000008e100000| Untracked 
| 226|0x000000008e200000, 0x000000008e200000, 0x000000008e300000|  0%| F|  |TAMS 0x000000008e200000, 0x000000008e200000| Untracked 
| 227|0x000000008e300000, 0x000000008e300000, 0x000000008e400000|  0%| F|  |TAMS 0x000000008e300000, 0x000000008e300000| Untracked 
| 228|0x000000008e400000, 0x000000008e400000, 0x000000008e500000|  0%| F|  |TAMS 0x000000008e400000, 0x000000008e400000| Untracked 
| 229|0x000000008e500000, 0x000000008e500000, 0x000000008e600000|  0%| F|  |TAMS 0x000000008e500000, 0x000000008e500000| Untracked 
| 230|0x000000008e600000, 0x000000008e600000, 0x000000008e700000|  0%| F|  |TAMS 0x000000008e600000, 0x000000008e600000| Untracked 
| 231|0x000000008e700000, 0x000000008e700000, 0x000000008e800000|  0%| F|  |TAMS 0x000000008e700000, 0x000000008e700000| Untracked 
| 232|0x000000008e800000, 0x000000008e800000, 0x000000008e900000|  0%| F|  |TAMS 0x000000008e800000, 0x000000008e800000| Untracked 
| 233|0x000000008e900000, 0x000000008e900000, 0x000000008ea00000|  0%| F|  |TAMS 0x000000008e900000, 0x000000008e900000| Untracked 
| 234|0x000000008ea00000, 0x000000008ea00000, 0x000000008eb00000|  0%| F|  |TAMS 0x000000008ea00000, 0x000000008ea00000| Untracked 
| 235|0x000000008eb00000, 0x000000008eb00000, 0x000000008ec00000|  0%| F|  |TAMS 0x000000008eb00000, 0x000000008eb00000| Untracked 
| 236|0x000000008ec00000, 0x000000008ec00000, 0x000000008ed00000|  0%| F|  |TAMS 0x000000008ec00000, 0x000000008ec00000| Untracked 
| 237|0x000000008ed00000, 0x000000008ed00000, 0x000000008ee00000|  0%| F|  |TAMS 0x000000008ed00000, 0x000000008ed00000| Untracked 
| 238|0x000000008ee00000, 0x000000008ee00000, 0x000000008ef00000|  0%| F|  |TAMS 0x000000008ee00000, 0x000000008ee00000| Untracked 
| 239|0x000000008ef00000, 0x000000008ef00000, 0x000000008f000000|  0%| F|  |TAMS 0x000000008ef00000, 0x000000008ef00000| Untracked 
| 240|0x000000008f000000, 0x000000008f01d1b8, 0x000000008f100000| 11%| E|  |TAMS 0x000000008f000000, 0x000000008f000000| Complete 
| 241|0x000000008f100000, 0x000000008f200000, 0x000000008f200000|100%| E|CS|TAMS 0x000000008f100000, 0x000000008f100000| Complete 
| 242|0x000000008f200000, 0x000000008f300000, 0x000000008f300000|100%| E|CS|TAMS 0x000000008f200000, 0x000000008f200000| Complete 
| 243|0x000000008f300000, 0x000000008f400000, 0x000000008f400000|100%| E|  |TAMS 0x000000008f300000, 0x000000008f300000| Complete 
| 244|0x000000008f400000, 0x000000008f500000, 0x000000008f500000|100%| E|CS|TAMS 0x000000008f400000, 0x000000008f400000| Complete 
| 245|0x000000008f500000, 0x000000008f600000, 0x000000008f600000|100%| E|CS|TAMS 0x000000008f500000, 0x000000008f500000| Complete 
| 246|0x000000008f600000, 0x000000008f700000, 0x000000008f700000|100%| E|CS|TAMS 0x000000008f600000, 0x000000008f600000| Complete 
| 247|0x000000008f700000, 0x000000008f800000, 0x000000008f800000|100%| E|CS|TAMS 0x000000008f700000, 0x000000008f700000| Complete 
| 248|0x000000008f800000, 0x000000008f900000, 0x000000008f900000|100%| E|CS|TAMS 0x000000008f800000, 0x000000008f800000| Complete 
| 249|0x000000008f900000, 0x000000008fa00000, 0x000000008fa00000|100%| E|CS|TAMS 0x000000008f900000, 0x000000008f900000| Complete 
| 250|0x000000008fa00000, 0x000000008fb00000, 0x000000008fb00000|100%| E|CS|TAMS 0x000000008fa00000, 0x000000008fa00000| Complete 
| 251|0x000000008fb00000, 0x000000008fc00000, 0x000000008fc00000|100%| E|CS|TAMS 0x000000008fb00000, 0x000000008fb00000| Complete 
| 252|0x000000008fc00000, 0x000000008fd00000, 0x000000008fd00000|100%| E|CS|TAMS 0x000000008fc00000, 0x000000008fc00000| Complete 
| 253|0x000000008fd00000, 0x000000008fe00000, 0x000000008fe00000|100%| E|CS|TAMS 0x000000008fd00000, 0x000000008fd00000| Complete 
| 254|0x000000008fe00000, 0x000000008ff00000, 0x000000008ff00000|100%| E|CS|TAMS 0x000000008fe00000, 0x000000008fe00000| Complete 
| 255|0x000000008ff00000, 0x0000000090000000, 0x0000000090000000|100%| E|CS|TAMS 0x000000008ff00000, 0x000000008ff00000| Complete 

Card table byte_map: [0x0000027a7b580000,0x0000027a7b980000] _byte_map_base: 0x0000027a7b180000

Marking Bits (Prev, Next): (CMBitMap*) 0x0000027a67dd9bc8, (CMBitMap*) 0x0000027a67dd9c00
 Prev Bits: [0x0000027a7bd80000, 0x0000027a7dd80000)
 Next Bits: [0x0000027a7dd80000, 0x0000027a7fd80000)

Polling page: 0x0000027a66590000

Metaspace:

Usage:
  Non-class:     56.02 MB capacity,    55.11 MB ( 98%) used,   785.03 KB (  1%) free+waste,   146.81 KB ( <1%) overhead. 
      Class:      8.48 MB capacity,     7.96 MB ( 94%) used,   462.16 KB (  5%) free+waste,    69.44 KB ( <1%) overhead. 
       Both:     64.50 MB capacity,    63.07 MB ( 98%) used,     1.22 MB (  2%) free+waste,   216.25 KB ( <1%) overhead. 

Virtual space:
  Non-class space:       58.00 MB reserved,      56.25 MB ( 97%) committed 
      Class space:        1.00 GB reserved,       8.50 MB ( <1%) committed 
             Both:        1.06 GB reserved,      64.75 MB (  6%) committed 

Chunk freelists:
   Non-Class:  39.00 KB
       Class:  24.00 KB
        Both:  63.00 KB

MaxMetaspaceSize: 17179869184.00 GB
CompressedClassSpaceSize: 1.00 GB

CodeHeap 'non-profiled nmethods': size=120000Kb used=3419Kb max_used=3419Kb free=116580Kb
 bounds [0x0000027a731f0000, 0x0000027a73550000, 0x0000027a7a720000]
CodeHeap 'profiled nmethods': size=120000Kb used=12431Kb max_used=12431Kb free=107569Kb
 bounds [0x0000027a6bcc0000, 0x0000027a6c8f0000, 0x0000027a731f0000]
CodeHeap 'non-nmethods': size=5760Kb used=2236Kb max_used=2276Kb free=3523Kb
 bounds [0x0000027a6b720000, 0x0000027a6b990000, 0x0000027a6bcc0000]
 total_blobs=6493 nmethods=5675 adapters=728
 compilation: enabled
              stopped_count=0, restarted_count=0
 full_count=0

Compilation events (20 events):
Event: 15.349 Thread 0x0000027a03214000 nmethod 5781 0x0000027a6c886710 code [0x0000027a6c886900, 0x0000027a6c886dd8]
Event: 15.349 Thread 0x0000027a03214000 5782       3       java.lang.invoke.LambdaFormEditor::bindArgumentL (59 bytes)
Event: 15.350 Thread 0x0000027a03214000 nmethod 5782 0x0000027a6c887010 code [0x0000027a6c8871e0, 0x0000027a6c887468]
Event: 15.350 Thread 0x0000027a03214000 5783       3       com.google.common.collect.ImmutableMap$Builder::put (53 bytes)
Event: 15.350 Thread 0x0000027a03214000 nmethod 5783 0x0000027a6c887590 code [0x0000027a6c887780, 0x0000027a6c887c38]
Event: 15.366 Thread 0x0000027a03214000 5784       3       org.gradle.api.internal.DefaultDomainObjectCollection::assertMutableCollectionContents (1 bytes)
Event: 15.367 Thread 0x0000027a03214000 nmethod 5784 0x0000027a6c887e10 code [0x0000027a6c887fc0, 0x0000027a6c8880b8]
Event: 15.367 Thread 0x0000027a03214000 5785       1       org.gradle.api.internal.DefaultNamedDomainObjectCollection$AbstractNamedDomainObjectProvider::getName (5 bytes)
Event: 15.367 Thread 0x0000027a03214000 nmethod 5785 0x0000027a73537e10 code [0x0000027a73537fc0, 0x0000027a73538078]
Event: 15.382 Thread 0x0000027a03214000 5786       3       org.gradle.api.internal.provider.Providers::internal (8 bytes)
Event: 15.382 Thread 0x0000027a03214000 nmethod 5786 0x0000027a6c888190 code [0x0000027a6c888340, 0x0000027a6c888578]
Event: 15.383 Thread 0x0000027a03214000 5787       3       com.google.common.collect.ImmutableSet::builder (8 bytes)
Event: 15.383 Thread 0x0000027a03214000 nmethod 5787 0x0000027a6c888690 code [0x0000027a6c888880, 0x0000027a6c888c88]
Event: 15.384 Thread 0x0000027a03214000 5788       1       org.gradle.api.internal.DefaultNamedDomainObjectCollection$AbstractNamedDomainObjectProvider::getType (5 bytes)
Event: 15.384 Thread 0x0000027a03214000 nmethod 5788 0x0000027a73538110 code [0x0000027a735382c0, 0x0000027a73538378]
Event: 15.386 Thread 0x0000027a0320b800 5789       4       com.google.common.collect.MapMakerInternalMap$StrongKeyWeakValueSegment::self (5 bytes)
Event: 15.386 Thread 0x0000027a0320b800 nmethod 5789 0x0000027a73538410 code [0x0000027a735385a0, 0x0000027a735385f8]
Event: 15.389 Thread 0x0000027a03214000 5790       3       java.util.regex.Matcher::replaceAll (59 bytes)
Event: 15.390 Thread 0x0000027a0320b800 5791 %     4       java.util.Properties$LineReader::readLine @ 224 (635 bytes)
Event: 15.391 Thread 0x0000027a03214000 nmethod 5790 0x0000027a6c888e10 code [0x0000027a6c8890c0, 0x0000027a6c889bd8]

GC Heap History (12 events):
Event: 1.241 GC heap before
{Heap before GC invocations=0 (full 0):
 garbage-first heap   total 262144K, used 29696K [0x0000000080000000, 0x0000000100000000)
  region size 1024K, 24 young (24576K), 0 survivors (0K)
 Metaspace       used 10501K, capacity 10708K, committed 11008K, reserved 1058816K
  class space    used 1103K, capacity 1164K, committed 1280K, reserved 1048576K
}
Event: 1.252 GC heap after
{Heap after GC invocations=1 (full 0):
 garbage-first heap   total 262144K, used 8295K [0x0000000080000000, 0x0000000100000000)
  region size 1024K, 3 young (3072K), 3 survivors (3072K)
 Metaspace       used 10501K, capacity 10708K, committed 11008K, reserved 1058816K
  class space    used 1103K, capacity 1164K, committed 1280K, reserved 1048576K
}
Event: 3.945 GC heap before
{Heap before GC invocations=1 (full 0):
 garbage-first heap   total 262144K, used 87143K [0x0000000080000000, 0x0000000100000000)
  region size 1024K, 81 young (82944K), 3 survivors (3072K)
 Metaspace       used 20628K, capacity 21054K, committed 21248K, reserved 1069056K
  class space    used 2423K, capacity 2541K, committed 2560K, reserved 1048576K
}
Event: 3.955 GC heap after
{Heap after GC invocations=2 (full 0):
 garbage-first heap   total 262144K, used 15487K [0x0000000080000000, 0x0000000100000000)
  region size 1024K, 11 young (11264K), 11 survivors (11264K)
 Metaspace       used 20628K, capacity 21054K, committed 21248K, reserved 1069056K
  class space    used 2423K, capacity 2541K, committed 2560K, reserved 1048576K
}
Event: 5.028 GC heap before
{Heap before GC invocations=3 (full 0):
 garbage-first heap   total 262144K, used 68735K [0x0000000080000000, 0x0000000100000000)
  region size 1024K, 63 young (64512K), 11 survivors (11264K)
 Metaspace       used 26928K, capacity 27477K, committed 27776K, reserved 1073152K
  class space    used 3462K, capacity 3645K, committed 3712K, reserved 1048576K
}
Event: 5.037 GC heap after
{Heap after GC invocations=4 (full 0):
 garbage-first heap   total 262144K, used 17627K [0x0000000080000000, 0x0000000100000000)
  region size 1024K, 3 young (3072K), 3 survivors (3072K)
 Metaspace       used 26928K, capacity 27477K, committed 27776K, reserved 1073152K
  class space    used 3462K, capacity 3645K, committed 3712K, reserved 1048576K
}
Event: 6.025 GC heap before
{Heap before GC invocations=4 (full 0):
 garbage-first heap   total 262144K, used 54491K [0x0000000080000000, 0x0000000100000000)
  region size 1024K, 40 young (40960K), 3 survivors (3072K)
 Metaspace       used 34848K, capacity 35511K, committed 35628K, reserved 1081344K
  class space    used 4450K, capacity 4706K, committed 4736K, reserved 1048576K
}
Event: 6.037 GC heap after
{Heap after GC invocations=5 (full 0):
 garbage-first heap   total 262144K, used 20428K [0x0000000080000000, 0x0000000100000000)
  region size 1024K, 6 young (6144K), 6 survivors (6144K)
 Metaspace       used 34848K, capacity 35511K, committed 35628K, reserved 1081344K
  class space    used 4450K, capacity 4706K, committed 4736K, reserved 1048576K
}
Event: 8.484 GC heap before
{Heap before GC invocations=6 (full 0):
 garbage-first heap   total 262144K, used 125900K [0x0000000080000000, 0x0000000100000000)
  region size 1024K, 106 young (108544K), 6 survivors (6144K)
 Metaspace       used 43273K, capacity 44229K, committed 44288K, reserved 1087488K
  class space    used 5535K, capacity 5877K, committed 5888K, reserved 1048576K
}
Event: 8.496 GC heap after
{Heap after GC invocations=7 (full 0):
 garbage-first heap   total 262144K, used 26765K [0x0000000080000000, 0x0000000100000000)
  region size 1024K, 12 young (12288K), 12 survivors (12288K)
 Metaspace       used 43273K, capacity 44229K, committed 44288K, reserved 1087488K
  class space    used 5535K, capacity 5877K, committed 5888K, reserved 1048576K
}
Event: 12.190 GC heap before
{Heap before GC invocations=7 (full 0):
 garbage-first heap   total 262144K, used 174221K [0x0000000080000000, 0x0000000100000000)
  region size 1024K, 151 young (154624K), 12 survivors (12288K)
 Metaspace       used 58489K, capacity 59775K, committed 59904K, reserved 1101824K
  class space    used 7365K, capacity 7837K, committed 7936K, reserved 1048576K
}
Event: 12.237 GC heap after
{Heap after GC invocations=8 (full 0):
 garbage-first heap   total 262144K, used 45776K [0x0000000080000000, 0x0000000100000000)
  region size 1024K, 20 young (20480K), 20 survivors (20480K)
 Metaspace       used 58489K, capacity 59775K, committed 59904K, reserved 1101824K
  class space    used 7365K, capacity 7837K, committed 7936K, reserved 1048576K
}

Deoptimization events (20 events):
Event: 13.835 Thread 0x0000027a0489f000 Uncommon trap: trap_request=0xffffffc6 fr.pc=0x0000027a73441638 relative=0x0000000000000798
Event: 13.835 Thread 0x0000027a0489f000 Uncommon trap: reason=bimorphic_or_optimized_type_check action=maybe_recompile pc=0x0000027a73441638 method=java.util.Arrays.binarySearch0([Ljava/lang/Object;IILjava/lang/Object;Ljava/util/Comparator;)I @ 48 c2
Event: 13.835 Thread 0x0000027a0489f000 DEOPT PACKING pc=0x0000027a73441638 sp=0x00000095642f9720
Event: 13.835 Thread 0x0000027a0489f000 DEOPT UNPACKING pc=0x0000027a6b7474af sp=0x00000095642f96a0 mode 2
Event: 13.835 Thread 0x0000027a0489f000 Uncommon trap: trap_request=0xffffffc6 fr.pc=0x0000027a73441638 relative=0x0000000000000798
Event: 13.835 Thread 0x0000027a0489f000 Uncommon trap: reason=bimorphic_or_optimized_type_check action=maybe_recompile pc=0x0000027a73441638 method=java.util.Arrays.binarySearch0([Ljava/lang/Object;IILjava/lang/Object;Ljava/util/Comparator;)I @ 48 c2
Event: 13.835 Thread 0x0000027a0489f000 DEOPT PACKING pc=0x0000027a73441638 sp=0x00000095642f9720
Event: 13.835 Thread 0x0000027a0489f000 DEOPT UNPACKING pc=0x0000027a6b7474af sp=0x00000095642f96a0 mode 2
Event: 13.900 Thread 0x0000027a0489f000 Uncommon trap: trap_request=0xffffff4d fr.pc=0x0000027a73476ee0 relative=0x0000000000003a00
Event: 13.900 Thread 0x0000027a0489f000 Uncommon trap: reason=unstable_if action=reinterpret pc=0x0000027a73476ee0 method=java.lang.ClassLoader.checkCerts(Ljava/lang/String;Ljava/security/CodeSource;)V @ 29 c2
Event: 13.900 Thread 0x0000027a0489f000 DEOPT PACKING pc=0x0000027a73476ee0 sp=0x00000095642f85c0
Event: 13.900 Thread 0x0000027a0489f000 DEOPT UNPACKING pc=0x0000027a6b7474af sp=0x00000095642f84f0 mode 2
Event: 13.900 Thread 0x0000027a0489f000 Uncommon trap: trap_request=0xffffff4d fr.pc=0x0000027a7342a9bc relative=0x0000000000000d5c
Event: 13.900 Thread 0x0000027a0489f000 Uncommon trap: reason=unstable_if action=reinterpret pc=0x0000027a7342a9bc method=java.lang.ClassLoader.loadClass(Ljava/lang/String;Z)Ljava/lang/Class; @ 29 c2
Event: 13.900 Thread 0x0000027a0489f000 DEOPT PACKING pc=0x0000027a7342a9bc sp=0x00000095642f7f40
Event: 13.900 Thread 0x0000027a0489f000 DEOPT UNPACKING pc=0x0000027a6b7474af sp=0x00000095642f7f08 mode 2
Event: 15.213 Thread 0x0000027a0489f000 Uncommon trap: trap_request=0xfffffff4 fr.pc=0x0000027a73461bc4 relative=0x00000000000002e4
Event: 15.213 Thread 0x0000027a0489f000 Uncommon trap: reason=null_check action=make_not_entrant pc=0x0000027a73461bc4 method=java.lang.ThreadLocal$ThreadLocalMap.getEntryAfterMiss(Ljava/lang/ThreadLocal;ILjava/lang/ThreadLocal$ThreadLocalMap$Entry;)Ljava/lang/ThreadLocal$ThreadLocalMap$Entry; 
Event: 15.213 Thread 0x0000027a0489f000 DEOPT PACKING pc=0x0000027a73461bc4 sp=0x00000095642fa360
Event: 15.214 Thread 0x0000027a0489f000 DEOPT UNPACKING pc=0x0000027a6b7474af sp=0x00000095642fa210 mode 2

Classes redefined (0 events):
No events

Internal exceptions (20 events):
Event: 14.301 Thread 0x0000027a0489f000 Exception <a 'java/lang/ClassNotFoundException'{0x000000008d159408}: com/android/build/gradle/internal/CompileOptionsCustomizer> (0x000000008d159408) thrown at [./src/hotspot/share/classfile/systemDictionary.cpp, line 231]
Event: 14.302 Thread 0x0000027a0489f000 Exception <a 'java/lang/ClassNotFoundException'{0x000000008d17c8a8}: com/android/build/gradle/internal/CompileOptions_DecoratedCustomizer> (0x000000008d17c8a8) thrown at [./src/hotspot/share/classfile/systemDictionary.cpp, line 231]
Event: 14.383 Thread 0x0000027a0489f000 Exception <a 'java/lang/ClassNotFoundException'{0x000000008d0a4528}: org/jetbrains/kotlin/gradle/dsl/KotlinJvmOptionsImplBeanInfo> (0x000000008d0a4528) thrown at [./src/hotspot/share/classfile/systemDictionary.cpp, line 231]
Event: 14.384 Thread 0x0000027a0489f000 Exception <a 'java/lang/ClassNotFoundException'{0x000000008d0ba520}: org/jetbrains/kotlin/gradle/dsl/KotlinJvmOptionsBaseBeanInfo> (0x000000008d0ba520) thrown at [./src/hotspot/share/classfile/systemDictionary.cpp, line 231]
Event: 14.384 Thread 0x0000027a0489f000 Exception <a 'java/lang/ClassNotFoundException'{0x000000008d0d0730}: org/jetbrains/kotlin/gradle/dsl/KotlinJvmOptionsBaseCustomizer> (0x000000008d0d0730) thrown at [./src/hotspot/share/classfile/systemDictionary.cpp, line 231]
Event: 14.385 Thread 0x0000027a0489f000 Exception <a 'java/lang/ClassNotFoundException'{0x000000008d0fb110}: org/jetbrains/kotlin/gradle/dsl/KotlinJvmOptionsImplCustomizer> (0x000000008d0fb110) thrown at [./src/hotspot/share/classfile/systemDictionary.cpp, line 231]
Event: 14.391 Thread 0x0000027a0489f000 Exception <a 'java/lang/ClassNotFoundException'{0x000000008cf6ab40}: org/gradle/api/plugins/internal/DefaultBasePluginConventionBeanInfo> (0x000000008cf6ab40) thrown at [./src/hotspot/share/classfile/systemDictionary.cpp, line 231]
Event: 14.393 Thread 0x0000027a0489f000 Exception <a 'java/lang/ClassNotFoundException'{0x000000008cf981b8}: org/gradle/api/plugins/BasePluginConventionBeanInfo> (0x000000008cf981b8) thrown at [./src/hotspot/share/classfile/systemDictionary.cpp, line 231]
Event: 14.394 Thread 0x0000027a0489f000 Exception <a 'java/lang/ClassNotFoundException'{0x000000008cfc5610}: org/gradle/api/plugins/BasePluginConventionCustomizer> (0x000000008cfc5610) thrown at [./src/hotspot/share/classfile/systemDictionary.cpp, line 231]
Event: 14.396 Thread 0x0000027a0489f000 Exception <a 'java/lang/ClassNotFoundException'{0x000000008ce06c18}: org/gradle/api/plugins/internal/DefaultBasePluginConventionCustomizer> (0x000000008ce06c18) thrown at [./src/hotspot/share/classfile/systemDictionary.cpp, line 231]
Event: 14.405 Thread 0x0000027a0489f000 Exception <a 'java/lang/ClassNotFoundException'{0x000000008ce7d368}: org/gradle/api/plugins/internal/DefaultJavaPluginConventionBeanInfo> (0x000000008ce7d368) thrown at [./src/hotspot/share/classfile/systemDictionary.cpp, line 231]
Event: 14.408 Thread 0x0000027a0489f000 Exception <a 'java/lang/ClassNotFoundException'{0x000000008ceaaa88}: org/gradle/api/plugins/JavaPluginConventionBeanInfo> (0x000000008ceaaa88) thrown at [./src/hotspot/share/classfile/systemDictionary.cpp, line 231]
Event: 14.410 Thread 0x0000027a0489f000 Exception <a 'java/lang/ClassNotFoundException'{0x000000008ced7ee0}: org/gradle/api/plugins/JavaPluginConventionCustomizer> (0x000000008ced7ee0) thrown at [./src/hotspot/share/classfile/systemDictionary.cpp, line 231]
Event: 14.415 Thread 0x0000027a0489f000 Exception <a 'java/lang/ClassNotFoundException'{0x000000008cd1ed08}: org/gradle/api/plugins/internal/DefaultJavaPluginConventionCustomizer> (0x000000008cd1ed08) thrown at [./src/hotspot/share/classfile/systemDictionary.cpp, line 231]
Event: 14.528 Thread 0x0000027a0489f000 Exception <a 'java/lang/NoSuchMethodError'{0x000000008cb62398}: 'java.lang.Object java.lang.invoke.DirectMethodHandle$Holder.invokeSpecial(java.lang.Object, java.lang.Object, int, java.lang.Object, java.lang.Object)'> (0x000000008cb62398) thrown at [./src/hotspot/share/interpreter/linkResolver.cpp, line 773]
Event: 14.529 Thread 0x0000027a0489f000 Exception <a 'java/lang/NoSuchMethodError'{0x000000008cb6a1a0}: 'java.lang.Object java.lang.invoke.DirectMethodHandle$Holder.invokeStatic(java.lang.Object, java.lang.Object, int, java.lang.Object)'> (0x000000008cb6a1a0) thrown at [./src/hotspot/share/interpreter/linkResolver.cpp, line 773]
Event: 14.530 Thread 0x0000027a0489f000 Exception <a 'java/lang/NoSuchMethodError'{0x000000008cb6e140}: 'java.lang.Object java.lang.invoke.Invokers$Holder.linkToTargetMethod(java.lang.Object, int, java.lang.Object, java.lang.Object)'> (0x000000008cb6e140) thrown at [./src/hotspot/share/interpreter/linkResolver.cpp, line 773]
Event: 15.213 Thread 0x0000027a0489f000 Implicit null exception at 0x0000027a734619b2 to 0x0000027a73461ba8
Event: 15.388 Thread 0x0000027a0489f000 Exception <a 'java/lang/OutOfMemoryError'{0x000000008be56df8}> (0x000000008be56df8) thrown at [./src/hotspot/share/prims/jni.cpp, line 636]
Event: 15.388 Thread 0x0000027a0489f000 Exception <a 'java/lang/OutOfMemoryError'{0x000000008be56df8}> (0x000000008be56df8) thrown at [./src/hotspot/share/prims/jvm.cpp, line 1301]

Events (20 events):
Event: 15.387 loading class com/android/build/gradle/tasks/ProcessManifestForInstantAppTask$CreationAction$handleProvider$1
Event: 15.387 loading class com/android/build/gradle/tasks/ProcessManifestForInstantAppTask$CreationAction$handleProvider$1 done
Event: 15.387 loading class com/android/build/gradle/tasks/ProcessManifestForInstantAppTask$CreationAction$handleProvider$2
Event: 15.387 loading class com/android/build/gradle/tasks/ProcessManifestForInstantAppTask$CreationAction$handleProvider$2 done
Event: 15.387 loading class com/android/build/api/artifact/impl/InAndOutDirectoryOperationRequestImpl
Event: 15.387 loading class com/android/build/api/artifact/impl/InAndOutDirectoryOperationRequestImpl done
Event: 15.388 loading class com/android/build/gradle/internal/crash/PluginCrashReporter
Event: 15.388 loading class com/android/build/gradle/internal/crash/PluginCrashReporter done
Event: 15.389 loading class org/gradle/internal/exceptions/DefaultMultiCauseException$1
Event: 15.389 loading class org/gradle/internal/exceptions/DefaultMultiCauseException$1 done
Event: 15.390 loading class org/jetbrains/kotlin/gradle/plugin/AbstractAndroidProjectHandler$configureTarget$4$1
Event: 15.390 loading class org/jetbrains/kotlin/gradle/plugin/AbstractAndroidProjectHandler$configureTarget$4$1 done
Event: 15.391 loading class org/jetbrains/kotlin/gradle/internal/Kapt3KotlinGradleSubpluginKt
Event: 15.391 loading class org/jetbrains/kotlin/gradle/internal/Kapt3KotlinGradleSubpluginKt done
Event: 15.395 loading class org/jetbrains/kotlin/gradle/internal/Kapt3KotlinGradleSubplugin
Event: 15.395 loading class org/jetbrains/kotlin/gradle/internal/Kapt3KotlinGradleSubplugin done
Event: 15.401 loading class org/jetbrains/kotlin/gradle/plugin/KotlinGradleSubplugin
Event: 15.401 loading class org/jetbrains/kotlin/gradle/plugin/KotlinGradleSubplugin done
Event: 15.403 loading class org/jetbrains/kotlin/gradle/internal/Kapt3KotlinGradleSubplugin$Companion
Event: 15.403 loading class org/jetbrains/kotlin/gradle/internal/Kapt3KotlinGradleSubplugin$Companion done


Dynamic libraries:
0x00007ff6a0000000 - 0x00007ff6a000a000 	C:\Program Files\Android\Android Studio\jre\bin\java.exe
0x00007ffb0bdd0000 - 0x00007ffb0bfc5000 	C:\WINDOWS\SYSTEM32\ntdll.dll
0x00007ffb09e40000 - 0x00007ffb09efd000 	C:\WINDOWS\System32\KERNEL32.DLL
0x00007ffb09620000 - 0x00007ffb098e8000 	C:\WINDOWS\System32\KERNELBASE.dll
0x00007ffb09b00000 - 0x00007ffb09c00000 	C:\WINDOWS\System32\ucrtbase.dll
0x00007ffaf0d60000 - 0x00007ffaf0d77000 	C:\Program Files\Android\Android Studio\jre\bin\VCRUNTIME140.dll
0x00007ffaef8e0000 - 0x00007ffaef8f9000 	C:\Program Files\Android\Android Studio\jre\bin\jli.dll
0x00007ffaf8be0000 - 0x00007ffaf8e7a000 	C:\WINDOWS\WinSxS\amd64_microsoft.windows.common-controls_6595b64144ccf1df_6.0.19041.1052_none_60b8f8fd71f5e8cb\COMCTL32.dll
0x00007ffb0bc30000 - 0x00007ffb0bcce000 	C:\WINDOWS\System32\msvcrt.dll
0x00007ffb0bb50000 - 0x00007ffb0bb7a000 	C:\WINDOWS\System32\GDI32.dll
0x00007ffb09510000 - 0x00007ffb09532000 	C:\WINDOWS\System32\win32u.dll
0x00007ffb098f0000 - 0x00007ffb099fb000 	C:\WINDOWS\System32\gdi32full.dll
0x00007ffb09a60000 - 0x00007ffb09afd000 	C:\WINDOWS\System32\msvcp_win.dll
0x00007ffb0aeb0000 - 0x00007ffb0b050000 	C:\WINDOWS\System32\USER32.dll
0x00007ffb09f00000 - 0x00007ffb09f30000 	C:\WINDOWS\System32\IMM32.DLL
0x00007ffa901d0000 - 0x00007ffa9026d000 	C:\Program Files\Android\Android Studio\jre\bin\msvcp140.dll
0x00007ffab1c50000 - 0x00007ffab270c000 	C:\Program Files\Android\Android Studio\jre\bin\server\jvm.dll
0x00007ffb0a1b0000 - 0x00007ffb0a25c000 	C:\WINDOWS\System32\ADVAPI32.dll
0x00007ffb0a2c0000 - 0x00007ffb0a35b000 	C:\WINDOWS\System32\sechost.dll
0x00007ffb0b900000 - 0x00007ffb0ba2b000 	C:\WINDOWS\System32\RPCRT4.dll
0x00007ffb0a3e0000 - 0x00007ffb0a3e8000 	C:\WINDOWS\System32\PSAPI.DLL
0x00007ffaf6240000 - 0x00007ffaf6249000 	C:\WINDOWS\SYSTEM32\WSOCK32.dll
0x00007ffaf9ac0000 - 0x00007ffaf9ae7000 	C:\WINDOWS\SYSTEM32\WINMM.dll
0x00007ffb0b0c0000 - 0x00007ffb0b12b000 	C:\WINDOWS\System32\WS2_32.dll
0x00007ffb012a0000 - 0x00007ffb012aa000 	C:\WINDOWS\SYSTEM32\VERSION.dll
0x00007ffb07460000 - 0x00007ffb07472000 	C:\WINDOWS\SYSTEM32\kernel.appcore.dll
0x00007ffb02fb0000 - 0x00007ffb02fc1000 	C:\Program Files\Android\Android Studio\jre\bin\verify.dll
0x00007ffaf4a20000 - 0x00007ffaf4c04000 	C:\WINDOWS\SYSTEM32\DBGHELP.DLL
0x00007ffaf3190000 - 0x00007ffaf31bc000 	C:\WINDOWS\SYSTEM32\dbgcore.DLL
0x00007ffb09c00000 - 0x00007ffb09c83000 	C:\WINDOWS\System32\bcryptPrimitives.dll
0x00007ffaf9880000 - 0x00007ffaf98a9000 	C:\Program Files\Android\Android Studio\jre\bin\java.dll
0x00007ffb03110000 - 0x00007ffb0311b000 	C:\Program Files\Android\Android Studio\jre\bin\jimage.dll
0x00007ffb027f0000 - 0x00007ffb02808000 	C:\Program Files\Android\Android Studio\jre\bin\zip.dll
0x00007ffb0b1c0000 - 0x00007ffb0b8ff000 	C:\WINDOWS\System32\SHELL32.dll
0x00007ffb07660000 - 0x00007ffb07df0000 	C:\WINDOWS\SYSTEM32\windows.storage.dll
0x00007ffb0a3f0000 - 0x00007ffb0a745000 	C:\WINDOWS\System32\combase.dll
0x00007ffb08f80000 - 0x00007ffb08fac000 	C:\WINDOWS\SYSTEM32\Wldp.dll
0x00007ffb0bb80000 - 0x00007ffb0bc2e000 	C:\WINDOWS\System32\SHCORE.dll
0x00007ffb0bd30000 - 0x00007ffb0bd85000 	C:\WINDOWS\System32\shlwapi.dll
0x00007ffb09450000 - 0x00007ffb0946f000 	C:\WINDOWS\SYSTEM32\profapi.dll
0x00007ffb02580000 - 0x00007ffb0259a000 	C:\Program Files\Android\Android Studio\jre\bin\net.dll
0x00007ffaf8a70000 - 0x00007ffaf8b7b000 	C:\WINDOWS\SYSTEM32\WINHTTP.dll
0x00007ffb08cf0000 - 0x00007ffb08d5a000 	C:\WINDOWS\system32\mswsock.dll
0x00007ffb01e20000 - 0x00007ffb01e34000 	C:\Program Files\Android\Android Studio\jre\bin\nio.dll
0x00007ffb03340000 - 0x00007ffb03367000 	C:\Users\Lam Hong\.gradle\native\f6784746aeab05261644944871eae4fe03e0ef1612fff0a4a95f87b438bc6780\windows-amd64\native-platform.dll
0x00007ffb02fa0000 - 0x00007ffb02faa000 	C:\Program Files\Android\Android Studio\jre\bin\management.dll
0x00007ffaff7b0000 - 0x00007ffaff7bc000 	C:\Program Files\Android\Android Studio\jre\bin\management_ext.dll
0x00007ffb08ed0000 - 0x00007ffb08ee8000 	C:\WINDOWS\SYSTEM32\CRYPTSP.dll
0x00007ffb08620000 - 0x00007ffb08654000 	C:\WINDOWS\system32\rsaenh.dll
0x00007ffb09540000 - 0x00007ffb09567000 	C:\WINDOWS\System32\bcrypt.dll
0x00007ffb09410000 - 0x00007ffb0943e000 	C:\WINDOWS\SYSTEM32\USERENV.dll
0x00007ffb08ec0000 - 0x00007ffb08ecc000 	C:\WINDOWS\SYSTEM32\CRYPTBASE.dll
0x00007ffb08990000 - 0x00007ffb089cb000 	C:\WINDOWS\SYSTEM32\IPHLPAPI.DLL
0x00007ffb0aa30000 - 0x00007ffb0aa38000 	C:\WINDOWS\System32\NSI.dll
0x00007ffafec20000 - 0x00007ffafec37000 	C:\WINDOWS\SYSTEM32\dhcpcsvc6.DLL
0x00007ffaff6d0000 - 0x00007ffaff6ed000 	C:\WINDOWS\SYSTEM32\dhcpcsvc.DLL
0x00007ffb089e0000 - 0x00007ffb08aac000 	C:\WINDOWS\SYSTEM32\DNSAPI.dll
0x00007ffb01200000 - 0x00007ffb0120b000 	C:\WINDOWS\SYSTEM32\WINNSI.DLL

dbghelp: loaded successfully - version: 4.0.5 - missing functions: none
symbol engine: initialized successfully - sym options: 0x614 - pdb path: .;C:\Program Files\Android\Android Studio\jre\bin;C:\WINDOWS\SYSTEM32;C:\WINDOWS\WinSxS\amd64_microsoft.windows.common-controls_6595b64144ccf1df_6.0.19041.1052_none_60b8f8fd71f5e8cb;C:\Program Files\Android\Android Studio\jre\bin\server;C:\Users\Lam Hong\.gradle\native\f6784746aeab05261644944871eae4fe03e0ef1612fff0a4a95f87b438bc6780\windows-amd64

VM Arguments:
jvm_args: --add-opens=java.base/java.util=ALL-UNNAMED --add-opens=java.base/java.lang=ALL-UNNAMED --add-opens=java.base/java.lang.invoke=ALL-UNNAMED --add-opens=java.prefs/java.util.prefs=ALL-UNNAMED -Xmx2048m -Dfile.encoding=UTF-8 -Duser.country=US -Duser.language=en -Duser.variant 
java_command: org.gradle.launcher.daemon.bootstrap.GradleDaemon 6.5
java_class_path (initial): C:\Users\Lam Hong\.gradle\wrapper\dists\gradle-6.5-all\2oz4ud9k3tuxjg84bbf55q0tn\gradle-6.5\lib\gradle-launcher-6.5.jar
Launcher Type: SUN_STANDARD

[Global flags]
     intx CICompilerCount                          = 4                                         {product} {ergonomic}
     uint ConcGCThreads                            = 2                                         {product} {ergonomic}
     uint G1ConcRefinementThreads                  = 8                                         {product} {ergonomic}
   size_t G1HeapRegionSize                         = 1048576                                   {product} {ergonomic}
    uintx GCDrainStackTargetSize                   = 64                                        {product} {ergonomic}
   size_t InitialHeapSize                          = 268435456                                 {product} {ergonomic}
   size_t MarkStackSize                            = 4194304                                   {product} {ergonomic}
   size_t MaxHeapSize                              = 2147483648                                {product} {command line}
   size_t MaxNewSize                               = 1287651328                                {product} {ergonomic}
   size_t MinHeapDeltaBytes                        = 1048576                                   {product} {ergonomic}
    uintx NonNMethodCodeHeapSize                   = 5836300                                {pd product} {ergonomic}
    uintx NonProfiledCodeHeapSize                  = 122910970                              {pd product} {ergonomic}
    uintx ProfiledCodeHeapSize                     = 122910970                              {pd product} {ergonomic}
    uintx ReservedCodeCacheSize                    = 251658240                              {pd product} {ergonomic}
     bool SegmentedCodeCache                       = true                                      {product} {ergonomic}
     bool UseCompressedClassPointers               = true                                 {lp64_product} {ergonomic}
     bool UseCompressedOops                        = true                                 {lp64_product} {ergonomic}
     bool UseG1GC                                  = true                                      {product} {ergonomic}
     bool UseLargePagesIndividualAllocation        = false                                  {pd product} {ergonomic}

Logging:
Log output configuration:
 #0: stdout all=warning uptime,level,tags
 #1: stderr all=off uptime,level,tags

Environment Variables:
PATH=C:\Program Files (x86)\Common Files\Oracle\Java\javapath;C:\WINDOWS\system32;C:\WINDOWS;C:\WINDOWS\System32\Wbem;C:\WINDOWS\System32\WindowsPowerShell\v1.0\;C:\WINDOWS\System32\OpenSSH\;C:\Program Files\Git\cmd;C:\Program Files\dotnet\;C:\Users\Lam Hong\AppData\Local\Microsoft\WindowsApps;C:\Users\Lam Hong\AppData\Local\GitHubDesktop\bin;C:\Program Files\Flutter\flutter\bin;;C:\Users\Lam Hong\AppData\Local\Programs\Microsoft VS Code\bin;C:\Users\Lam Hong\.dotnet\tools
USERNAME=Lam Hong
OS=Windows_NT
PROCESSOR_IDENTIFIER=Intel64 Family 6 Model 158 Stepping 9, GenuineIntel



---------------  S Y S T E M  ---------------

OS: Windows 10 , 64 bit Build 19041 (10.0.19041.1023)
OS uptime: 0 days 15:11 hours

CPU:total 8 (initial active 8) (4 cores per cpu, 2 threads per core) family 6 model 158 stepping 9, cmov, cx8, fxsr, mmx, sse, sse2, sse3, ssse3, sse4.1, sse4.2, popcnt, avx, avx2, aes, clmul, erms, 3dnowpref, lzcnt, ht, tsc, tscinvbit, bmi1, bmi2, adx, fma

Memory: 4k page, system-wide physical 16259M (2261M free)
TotalPageFile size 21216M (AvailPageFile size 7M)
current process WorkingSet (physical memory assigned to process): 423M, peak: 424M
current process commit charge ("private bytes"): 505M, peak: 507M

vm_info: OpenJDK 64-Bit Server VM (11.0.8+10-b944.6842174) for windows-amd64 JRE (11.0.8+10-b944.6842174), built on Sep 19 2020 01:11:42 by "builder" with MS VC++ 14.0 (VS2015)

END.
